Log file open, 08/17/16 13:39:39
LogInit:Display: Running engine for game: RGP_Climate_Risk_03
LogPlatformFile: Not using cached read wrapper
LogInit:Display: RandInit(-29986220) SRandInit(-29986219).
LogTaskGraph: Started task graph with 4 named threads and 7 total threads with 1 sets of task threads.
LogStats: Stats thread started at 0.064669
LogInit: Version: 4.12.5-3039270+++UE4+Release-4.12
LogInit: API Version: 2992821
LogInit: Net Version: 3039270
LogDevObjectVersion: Number of dev versions registered: 13
LogDevObjectVersion:   Dev-Blueprints (B0D832E4-1F89-4F0D-ACCF-7EB736FD4AA2): 3
LogDevObjectVersion:   Dev-Build (E1C64328-A22C-4D53-A36C-8E866417BD8C): 0
LogDevObjectVersion:   Dev-Core (375EC13C-06E4-48FB-B500-84F0262A717E): 1
LogDevObjectVersion:   Dev-Editor (E4B068ED-F494-42E9-A231-DA0B2E46BB41): 2
LogDevObjectVersion:   Dev-Framework (CFFC743F-43B0-4480-9391-14DF171D2073): 6
LogDevObjectVersion:   Dev-Mobile (B02B49B5-BB20-44E9-A304-32B752E40360): 0
LogDevObjectVersion:   Dev-Networking (A4E4105C-59A1-49B5-A7C5-40C4547EDFEE): 0
LogDevObjectVersion:   Dev-Online (39C831C9-5AE6-47DC-9A44-9C173E1C8E7C): 0
LogDevObjectVersion:   Dev-Physics (78F01B33-EBEA-4F98-B9B4-84EACCB95AA2): 0
LogDevObjectVersion:   Dev-Platform (6631380F-2D4D-43E0-8009-CF276956A95A): 0
LogDevObjectVersion:   Dev-Rendering (12F88B9F-8875-4AFC-A67C-D90C383ABD29): 2
LogDevObjectVersion:   Dev-Sequencer (7B5AE74C-D270-4C10-A958-57980B212A5A): 0
LogDevObjectVersion:   Dev-VR (D7296918-1DD6-4BDD-9DE2-64A83CC13884): 0
LogInit: Compiled (64-bit): Jul  6 2016 09:09:46
LogInit: Compiled with Visual C++: 19.00.23026.00
LogInit: Build Configuration: Development
LogInit: Branch Name: ++UE4+Release-4.12
LogInit: Command line: 
LogInit: Base directory: D:/win_UE_4.12.5_complete/4.12/Engine/Binaries/Win64/
LogInit: Installed Engine Build: 1
LogInit: Using libcurl 7.41.0
LogInit:  - built for x86_64-pc-win32
LogInit:  - supports SSL with WinSSL
LogInit:  - other features:
LogInit:      CURL_VERSION_SSL
LogInit:      CURL_VERSION_IPV6
LogInit:      CURL_VERSION_ASYNCHDNS
LogInit:      CURL_VERSION_LARGEFILE
LogInit:      CURL_VERSION_IDN
LogInit:  CurlRequestOptions (configurable via config and command line):
LogInit:  - bVerifyPeer = true  - Libcurl will verify peer certificate
LogInit:  - bUseHttpProxy = false  - Libcurl will NOT use HTTP proxy
LogInit:  - bDontReuseConnections = false  - Libcurl will reuse connections
LogInit:  - CertBundlePath = nullptr  - Libcurl will use whatever was configured at build time.
LogInit: Presizing for max 8388607 objects, including 0 objects not considered by GC, pre-allocating 0 bytes for permanent pool.
LogInit: Object subsystem initialized
[2016.08.17-01.39.39:361][  0]LogInit: Selected Device Profile: [Windows]
[2016.08.17-01.39.39:361][  0]LogInit: Applying CVar settings loaded from the selected device profile: [Windows]
[2016.08.17-01.39.39:368][  0]LogInit: Computer: 1805C006
[2016.08.17-01.39.39:368][  0]LogInit: User: flynnfre6316
[2016.08.17-01.39.39:368][  0]LogInit: CPU Page size=65536, Cores=4
[2016.08.17-01.39.39:368][  0]LogInit: High frequency timer resolution =3.312832 MHz
[2016.08.17-01.39.39:369][  0]LogMemory: Memory total: Physical=8.0GB (8GB approx)
[2016.08.17-01.39.39:369][  0]LogMemory: Platform Memory Stats for Windows
[2016.08.17-01.39.39:369][  0]LogMemory: Process Physical Memory: 191.04 MB used, 191.04 MB peak
[2016.08.17-01.39.39:369][  0]LogMemory: Process Virtual Memory: 196.87 MB used, 196.87 MB peak
[2016.08.17-01.39.39:369][  0]LogMemory: Physical Memory: 2301.03 MB used, 8150.16 MB total
[2016.08.17-01.39.39:369][  0]LogMemory: Virtual Memory: 521.75 MB used, 8388608.00 MB total
[2016.08.17-01.39.39:396][  0]LogTextLocalizationManager: No specific translations for ('en-NZ') exist, so ('en') translations will be used.
[2016.08.17-01.39.39:735][  0]LogD3D11RHI: D3D11 adapters:
[2016.08.17-01.39.39:751][  0]LogD3D11RHI:    0. 'NVIDIA GeForce GTX 670' (Feature Level 11_0)
[2016.08.17-01.39.39:751][  0]LogD3D11RHI:       1990/0/2048 MB DedicatedVideo/DedicatedSystem/SharedSystem, Outputs:2, VendorId:0x10de
[2016.08.17-01.39.39:751][  0]LogD3D11RHI: Chosen D3D11 Adapter: 0
[2016.08.17-01.39.39:756][  0]LogD3D11RHI: Creating new Direct3DDevice
[2016.08.17-01.39.39:756][  0]LogD3D11RHI:     GPU DeviceId: 0x1189 (for the marketing name, search the web for "GPU Device Id")
[2016.08.17-01.39.39:756][  0]LogWindows: EnumDisplayDevices:
[2016.08.17-01.39.39:756][  0]LogWindows:    0. 'NVIDIA GeForce GTX 670' (P:1 D:1)
[2016.08.17-01.39.39:756][  0]LogWindows:    1. 'NVIDIA GeForce GTX 670' (P:0 D:1)
[2016.08.17-01.39.39:757][  0]LogWindows:    2. 'NVIDIA GeForce GTX 670' (P:0 D:0)
[2016.08.17-01.39.39:757][  0]LogWindows:    3. 'NVIDIA GeForce GTX 670' (P:0 D:0)
[2016.08.17-01.39.39:757][  0]LogWindows:    4. 'RDPDD Chained DD' (P:0 D:0)
[2016.08.17-01.39.39:757][  0]LogWindows:    5. 'RDP Encoder Mirror Driver' (P:0 D:0)
[2016.08.17-01.39.39:758][  0]LogWindows:    6. 'RDP Reflector Display Driver' (P:0 D:0)
[2016.08.17-01.39.39:758][  0]LogWindows:    7. 'Mirage Driver' (P:0 D:0)
[2016.08.17-01.39.39:758][  0]LogWindows: DebugString: GetVideoDriverDetailsInvalid PrimaryIsNotTheChoosenAdapter GetVideoDriverDetailsInvalid PrimaryIsNotTheChoosenAdapter GetVideoDriverDetailsInvalid PrimaryIsNotTheChoosenAdapter GetVideoDriverDetailsInvalid PrimaryIsNotTheChoosenAdapter FoundDriverCount:4 
[2016.08.17-01.39.39:758][  0]LogD3D11RHI:     Adapter Name: NVIDIA GeForce GTX 670
[2016.08.17-01.39.39:758][  0]LogD3D11RHI:   Driver Version: 347.88 (internal:9.18.13.4788, unified:347.88)
[2016.08.17-01.39.39:758][  0]LogD3D11RHI:      Driver Date: 3-13-2015
[2016.08.17-01.39.39:758][  0]LogRHI: Texture pool is 1361 MB (70% of 1945 MB)
[2016.08.17-01.39.39:765][  0]LogD3D11RHI: Async texture creation enabled
[2016.08.17-01.39.40:031][  0]LogD3D11RHI: GPU Timing Frequency: 1000.000000 (Debug: 2 2)
[2016.08.17-01.39.40:031][  0]LogShaderCompilers: Guid format shader working directory is -18 characters bigger than the processId version (../../../../../Users/flynn.fre6316/Desktop/RGP_Project03/UnrealProject/Intermediate/Shaders/WorkingDirectory/7200/).
[2016.08.17-01.39.40:032][  0]LogShaderCompilers: Cleaned the shader compiler working directory 'D:/Users/FLYNN~1.FRE/AppData/Local/Temp/UnrealShaderWorkingDir/AD5A3D8A4A756361E201228A525F6912/'.
[2016.08.17-01.39.40:032][  0]LogShaderCompilers:Display: Using Local Shader Compiler.
[2016.08.17-01.39.40:841][  0]LogTemp:Display: Loaded TP AllDesktopTargetPlatform
[2016.08.17-01.39.40:849][  0]LogTemp:Display: Loaded TP WindowsClientTargetPlatform
[2016.08.17-01.39.40:858][  0]LogTemp:Display: Loaded TP WindowsNoEditorTargetPlatform
[2016.08.17-01.39.40:866][  0]LogTemp:Display: Loaded TP WindowsServerTargetPlatform
[2016.08.17-01.39.40:874][  0]LogTemp:Display: Loaded TP WindowsTargetPlatform
[2016.08.17-01.39.40:882][  0]LogTemp:Display: Loaded TP AndroidTargetPlatform
[2016.08.17-01.39.40:889][  0]LogTemp:Display: Loaded TP Android_ASTCTargetPlatform
[2016.08.17-01.39.40:896][  0]LogTemp:Display: Loaded TP Android_ATCTargetPlatform
[2016.08.17-01.39.40:903][  0]LogTemp:Display: Loaded TP Android_DXTTargetPlatform
[2016.08.17-01.39.40:910][  0]LogTemp:Display: Loaded TP Android_ETC1TargetPlatform
[2016.08.17-01.39.40:917][  0]LogTemp:Display: Loaded TP Android_ETC2TargetPlatform
[2016.08.17-01.39.40:931][  0]LogTemp:Display: Loaded TP Android_MultiTargetPlatform
[2016.08.17-01.39.40:931][  0]LogTemp:Display: Loaded TP Android_PVRTCTargetPlatform
[2016.08.17-01.39.40:932][  0]LogTemp:Display: Loaded TP HTML5TargetPlatform
[2016.08.17-01.39.40:951][  0]LogTemp:Display: Loaded TP IOSTargetPlatform
[2016.08.17-01.39.40:958][  0]LogTemp:Display: Loaded TP TVOSTargetPlatform
[2016.08.17-01.39.40:965][  0]LogTemp:Display: Loaded TP LinuxNoEditorTargetPlatform
[2016.08.17-01.39.40:972][  0]LogTemp:Display: Loaded TP LinuxServerTargetPlatform
[2016.08.17-01.39.40:979][  0]LogTemp:Display: Loaded TP LinuxTargetPlatform
[2016.08.17-01.39.40:979][  0]LogTargetPlatformManager:Display: Building Assets For Windows
[2016.08.17-01.39.41:028][  0]LogDerivedDataCache:Display: Max Cache Size: 512 MB
[2016.08.17-01.39.41:068][  0]LogDerivedDataCache: Loaded boot cache 0.04s 48MB D:/Users/flynn.fre6316/AppData/Local/UnrealEngine/4.12/DerivedDataCache/Boot.ddc.
[2016.08.17-01.39.41:068][  0]LogDerivedDataCache:Display: Loaded Boot cache: D:/Users/flynn.fre6316/AppData/Local/UnrealEngine/4.12/DerivedDataCache/Boot.ddc
[2016.08.17-01.39.41:069][  0]LogDerivedDataCache: FDerivedDataBackendGraph:  Pak pak cache file ../../../../../Users/flynn.fre6316/Desktop/RGP_Project03/UnrealProject/DerivedDataCache/DDC.ddp not found, will not use a pak cache.
[2016.08.17-01.39.41:069][  0]LogDerivedDataCache: Unable to find inner node Pak for hierarchical cache Hierarchy.
[2016.08.17-01.39.41:069][  0]LogDerivedDataCache: FDerivedDataBackendGraph:  CompressedPak pak cache file ../../../../../Users/flynn.fre6316/Desktop/RGP_Project03/UnrealProject/DerivedDataCache/Compressed.ddp not found, will not use a pak cache.
[2016.08.17-01.39.41:069][  0]LogDerivedDataCache: Unable to find inner node CompressedPak for hierarchical cache Hierarchy.
[2016.08.17-01.39.41:084][  0]LogDerivedDataCache:Display: Pak cache opened for reading ../../../Engine/DerivedDataCache/Compressed.ddp.
[2016.08.17-01.39.41:095][  0]LogDerivedDataCache: Using Local data cache path D:/Users/flynn.fre6316/AppData/Local/UnrealEngine/Common/DerivedDataCache: Writable
[2016.08.17-01.39.41:261][  0]LogInit: Selected Device Profile: [Windows]
[2016.08.17-01.39.41:261][  0]LogContentStreaming: Texture pool size is 0.00 MB
[2016.08.17-01.39.41:398][  0]LogMeshUtilities: No automatic mesh reduction module available
[2016.08.17-01.39.41:398][  0]LogMeshUtilities: No automatic mesh merging module available
[2016.08.17-01.39.41:398][  0]LogMeshUtilities: No distributed automatic mesh merging module available
[2016.08.17-01.39.41:617][  0]LogAssetRegistry: FAssetRegistry took 0.0197 seconds to start up
[2016.08.17-01.39.41:633][  0]LogPackageLocalizationCache: Processed 3 localized package path(s) for 2 prioritized culture(s) in 0.014719 seconds
[2016.08.17-01.39.41:638][  0]LogUObjectArray: 28739 objects as part of root set at end of initial load.
[2016.08.17-01.39.41:638][  0]LogUObjectAllocator: 5855624 out of 0 bytes used by permanent object pool.
[2016.08.17-01.39.41:638][  0]LogUObjectArray: CloseDisregardForGC: 0/0 objects in disregard for GC pool
[2016.08.17-01.39.41:642][  0]LogInit: WinSock: version 1.1 (2.2), MaxSocks=32767, MaxUdp=65467
[2016.08.17-01.39.41:778][  0]LogSlate: SlateFontCache - WITH_FREETYPE: 1, WITH_HARFBUZZ: 1
[2016.08.17-01.39.41:778][  0]LogSlate: SlateFontCache - WITH_FREETYPE: 1, WITH_HARFBUZZ: 1
[2016.08.17-01.39.42:287][  0]LogUdpMessaging: Initializing bridge on interface 0.0.0.0:0 to multicast group 230.0.0.1:6666.
[2016.08.17-01.39.42:473][  0]SourceControl: Info Source control is disabled
[2016.08.17-01.39.42:501][  0]SourceControl: Info Source control is disabled
[2016.08.17-01.39.42:506][  0]SourceControl: Info Source control is disabled
[2016.08.17-01.39.42:510][  0]SourceControl: Info Source control is disabled
[2016.08.17-01.39.42:639][  0]LogEngine: Initializing Engine...
[2016.08.17-01.39.42:639][  0]LogHMD: SteamVR failed to initialize.  Err: 110
[2016.08.17-01.39.42:640][  0]LogHMD: SteamVR failed to initialize.  Err: 110
[2016.08.17-01.39.42:758][  0]LogAIModule: Creating AISystem for world NewWorld
[2016.08.17-01.39.42:760][  0]LogInit: No audio devices found!
[2016.08.17-01.39.42:782][  0]LogDerivedDataCache: Saved boot cache 0.02s 48MB D:/Users/flynn.fre6316/AppData/Local/UnrealEngine/4.12/DerivedDataCache/Boot.ddc.
[2016.08.17-01.39.42:785][  0]LogInit: Texture streaming: Enabled
[2016.08.17-01.39.42:799][  0]LogInit: Transaction tracking system initialized
[2016.08.17-01.39.42:813][  0]BlueprintLog: New page: Editor Load
[2016.08.17-01.39.42:857][  0]LocalizationService: Info Localization service is disabled
[2016.08.17-01.39.42:897][  0]LogConsoleResponse:Display: 
[2016.08.17-01.39.42:976][  0]LogCook:Display: Max memory allowance for cook 8192mb
[2016.08.17-01.39.42:976][  0]LogCook:Display: Mobile HDR setting 1
[2016.08.17-01.39.43:034][  0]LogFileCache: Scanning file cache for directory 'D:/Users/flynn.fre6316/Desktop/RGP_Project03/UnrealProject/Content/' took 0.01s
[2016.08.17-01.39.43:034][  0]SourceControl: Info Source control is disabled
[2016.08.17-01.39.43:035][  0]Cmd: MAP LOAD FILE="../../../Engine/Content/Maps/Templates/Template_Default.umap" TEMPLATE=1 SHOWPROGRESS=1 FEATURELEVEL=3
[2016.08.17-01.39.43:035][  0]LightingResults: New page: Lighting Build
[2016.08.17-01.39.43:037][  0]MapCheck: New page: Map Check
[2016.08.17-01.39.43:037][  0]LightingResults: New page: Lighting Build
[2016.08.17-01.39.43:262][  0]LogAIModule: Creating AISystem for world Untitled_1
[2016.08.17-01.39.43:266][  0]LogEditorServer: Finished looking for orphan Actors (0.000 secs)
[2016.08.17-01.39.43:270][  0]Cmd: MAP CHECKDEP NOCLEARLOG
[2016.08.17-01.39.43:292][  0]MapCheck: Info Map check complete: 0 Error(s), 0 Warning(s), took 21.976ms to complete.
[2016.08.17-01.39.43:292][  0]LogFileHelpers: Loading map 'Template_Default' took 0.257
[2016.08.17-01.39.43:408][  0]LogCollectionManager: Loaded 0 collections in 0.001130 seconds
[2016.08.17-01.39.43:445][  0]LogFileCache: Scanning file cache for directory 'D:/Users/flynn.fre6316/Desktop/RGP_Project03/UnrealProject/Saved/Collections/' took 0.01s
[2016.08.17-01.39.43:445][  0]LogFileCache: Scanning file cache for directory 'D:/Users/flynn.fre6316/Desktop/RGP_Project03/UnrealProject/Content/Developers/flynnfre6316/Collections/' took 0.01s
[2016.08.17-01.39.43:445][  0]LogFileCache: Scanning file cache for directory 'D:/Users/flynn.fre6316/Desktop/RGP_Project03/UnrealProject/Content/Collections/' took 0.01s
[2016.08.17-01.39.43:445][  0]LogCollectionManager: Rebuilt the GUID cache for 0 collections in 0.000002 seconds
[2016.08.17-01.39.43:452][  0]LogContentBrowser: Native class hierarchy populated in 0.0072 seconds. Added 2047 classes and 369 folders.
[2016.08.17-01.39.43:455][  0]LogStats: UGameplayTagsManager::ConstructGameplayTagTree: Construct from data asset -  0.000 s
[2016.08.17-01.39.43:455][  0]LogStats: UGameplayTagsManager::ConstructGameplayTagTree: GameplayTagTreeChangedEvent.Broadcast -  0.000 s
[2016.08.17-01.39.43:455][  0]LogContentBrowser: Native class hierarchy updated for 'GameplayTags' in 0.0003 seconds. Added 12 classes and 0 folders.
[2016.08.17-01.39.43:458][  0]LogContentBrowser: Native class hierarchy updated for 'WidgetCarousel' in 0.0003 seconds. Added 0 classes and 0 folders.
[2016.08.17-01.39.43:487][  0]LogContentBrowser: Native class hierarchy updated for 'AddContentDialog' in 0.0003 seconds. Added 0 classes and 0 folders.
[2016.08.17-01.39.43:490][  0]LogContentBrowser: Native class hierarchy updated for 'SceneOutliner' in 0.0003 seconds. Added 1 classes and 2 folders.
[2016.08.17-01.39.43:501][  0]LogCrashTracker: Crashtracker disabled due to settings.
[2016.08.17-01.39.43:505][  0]LogUObjectGlobals:Warning: Failed to find object 'Class None.'
[2016.08.17-01.39.43:527][  0]LogContentBrowser: Native class hierarchy updated for 'HierarchicalLODOutliner' in 0.0003 seconds. Added 1 classes and 2 folders.
[2016.08.17-01.39.43:527][  0]LogLoad: Full Startup: 4.68 seconds (BP compile: 0.03 seconds)
[2016.08.17-01.39.43:527][  0]LogExternalProfiler: Found external profiler: VSPerf
[2016.08.17-01.39.43:527][  0]LogExternalProfiler: Using external profiler: VSPerf
[2016.08.17-01.39.43:866][  0]LogOcInput: OculusInput pre-init called
[2016.08.17-01.39.43:889][  0]LogContentStreaming: Texture pool size now 1000 MB
[2016.08.17-01.39.44:038][  0]LogRenderer: Reallocating scene render targets to support 752x540 (Frame:2).
[2016.08.17-01.39.44:544][  2]LogAssetRegistry: Asset discovery search completed in 2.9474 seconds
[2016.08.17-01.39.44:544][  2]LogCollectionManager: Rebuilt the object cache for 0 collections in 0.000001 seconds (found 0 objects)
[2016.08.17-01.39.44:544][  2]LogCollectionManager: Fixed up redirectors for 0 collections in 0.000022 seconds (updated 0 objects)
[2016.08.17-01.39.52:703][470]LogEditorViewport: Clicking on Actor (LMB): StaticMeshActor (Floor)
[2016.08.17-01.40.02:007][662]LogFactory: FactoryCreateFile: StaticMesh with FbxFactory (0 0 ../../../../../Users/flynn.fre6316/Desktop/RGP_Project03/MayaProject/scenes/ReferenceScene/reference_sphere.fbx)
[2016.08.17-01.40.02:025][662]LogFbx: ItemName: GlobalSettings, ItemCount : 1
[2016.08.17-01.40.02:025][662]LogFbx: ItemName: AnimationStack, ItemCount : 1
[2016.08.17-01.40.02:025][662]LogFbx: ItemName: AnimationLayer, ItemCount : 1
[2016.08.17-01.40.02:025][662]LogFbx: ItemName: Geometry, ItemCount : 1
[2016.08.17-01.40.02:025][662]LogFbx: ItemName: Material, ItemCount : 1
[2016.08.17-01.40.02:025][662]LogFbx: ItemName: Model, ItemCount : 1
[2016.08.17-01.40.02:031][662]LogFbx: Loading FBX Scene from ../../../../../Users/flynn.fre6316/Desktop/RGP_Project03/MayaProject/scenes/ReferenceScene/reference_sphere.fbx
[2016.08.17-01.40.02:036][662]LogFbx: FBX Scene Loaded Succesfully
[2016.08.17-01.40.04:459][662]LogFbx: Loading FBX Scene from ../../../../../Users/flynn.fre6316/Desktop/RGP_Project03/MayaProject/scenes/ReferenceScene/reference_sphere.fbx
[2016.08.17-01.40.04:464][662]LogFbx: FBX Scene Loaded Succesfully
[2016.08.17-01.40.04:466][662]LogLinker:Warning: Can't find file '/Game/lambert1'
[2016.08.17-01.40.04:466][662]LogLinker:Warning: Can't find file '/Game/lambert1'
[2016.08.17-01.40.04:468][662]LogMaterial: Missing cached shader map for material lambert1, compiling. 
[2016.08.17-01.40.04:492][662]LogFbx:Warning: Triangulating static mesh pSphere1
[2016.08.17-01.40.04:568][662]LogStaticMesh: Building static mesh reference_sphere...
[2016.08.17-01.40.04:579][662]LogStaticMesh: Built static mesh [0.01s] /Game/reference_sphere.reference_sphere
[2016.08.17-01.40.04:584][662]FBXImport:Warning: Warning Warning: No smoothing group information was found in this FBX scene.  Please make sure to enable the 'Export Smoothing Groups' option in the FBX Exporter plug-in before exporting the file.  Even for tools that don't support smoothing groups, the FBX Exporter will generate appropriate smoothing data at export-time so that correct vertex normals can be inferred while importing. 
[2016.08.17-01.40.07:674][960]LogActorFactory: Actor Factory created reference_sphere
[2016.08.17-01.40.08:231][ 26]LogActorFactory: Actor Factory created reference_sphere
[2016.08.17-01.40.08:752][ 85]LogEditorViewport: Clicking on Actor (LMB): StaticMeshActor (Floor)
[2016.08.17-01.40.09:694][194]Cmd: DELETE
[2016.08.17-01.40.09:694][194]Cmd: ACTOR DELETE
[2016.08.17-01.40.09:694][194]LogEditorActor: Deleted Actor: StaticMeshActor
[2016.08.17-01.40.09:708][194]LogEditorActor: Deleted 1 Actors (0.014 secs)
[2016.08.17-01.40.09:921][220]LogEditorViewport: Clicking on Actor (LMB): StaticMeshActor (reference_sphere)
[2016.08.17-01.40.13:941][470]LogEditorViewport: Clicking on Actor (LMB): BP_Sky_Sphere_C (Sky Sphere)
[2016.08.17-01.40.17:441][885]LogEditorViewport: Clicking on Actor (LMB): StaticMeshActor (reference_sphere)
[2016.08.17-01.40.18:173][969]Cmd: CAMERA ALIGN ACTIVEVIEWPORTONLY
[2016.08.17-01.40.18:848][ 47]LogEditorViewport: Clicking on Actor (LMB): BP_Sky_Sphere_C (Sky Sphere)
[2016.08.17-01.40.37:197][479]LogSavePackage: Save=17.35ms
[2016.08.17-01.40.37:197][479]LogSavePackage: Moving '../../../../../Users/flynn.fre6316/Desktop/RGP_Project03/UnrealProject/Saved/TestReferenceMap6096BC5041C05CF09ACAA78255489E63.tmp' to '../../../../../Users/flynn.fre6316/Desktop/RGP_Project03/UnrealProject/Content/Maps/TestReferenceMap.umap'
[2016.08.17-01.40.37:198][479]LogSavePackage:Display: Finished SavePackage ../../../../../Users/flynn.fre6316/Desktop/RGP_Project03/UnrealProject/Content/Maps/TestReferenceMap.umap
[2016.08.17-01.40.37:216][479]LogFileHelpers: Saving map 'TestReferenceMap' took 0.172
[2016.08.17-01.41.32:678][887]Cmd: OBJ SAVEPACKAGE PACKAGE="/Game/Models/reference_sphere" FILE="../../../../../Users/flynn.fre6316/Desktop/RGP_Project03/UnrealProject/Content/Models/reference_sphere.uasset" SILENT=true
[2016.08.17-01.41.32:688][887]LogSavePackage: Save=8.82ms
[2016.08.17-01.41.32:688][887]LogSavePackage: Moving '../../../../../Users/flynn.fre6316/Desktop/RGP_Project03/UnrealProject/Saved/reference_sphere766A9D4D41048DE271619E8E446BA189.tmp' to '../../../../../Users/flynn.fre6316/Desktop/RGP_Project03/UnrealProject/Content/Models/reference_sphere.uasset'
[2016.08.17-01.41.32:689][887]LogSavePackage:Display: Finished SavePackage ../../../../../Users/flynn.fre6316/Desktop/RGP_Project03/UnrealProject/Content/Models/reference_sphere.uasset
[2016.08.17-01.41.32:698][887]Cmd: OBJ SAVEPACKAGE PACKAGE="/Game/reference_sphere" FILE="../../../../../Users/flynn.fre6316/Desktop/RGP_Project03/UnrealProject/Content/reference_sphere.uasset" SILENT=true
[2016.08.17-01.41.32:700][887]LogSavePackage: Save=0.75ms
[2016.08.17-01.41.32:700][887]LogSavePackage: Moving '../../../../../Users/flynn.fre6316/Desktop/RGP_Project03/UnrealProject/Saved/reference_sphere0AD951864D8FC379098AC2905D630B4D.tmp' to '../../../../../Users/flynn.fre6316/Desktop/RGP_Project03/UnrealProject/Content/reference_sphere.uasset'
[2016.08.17-01.41.32:701][887]LogSavePackage:Display: Finished SavePackage ../../../../../Users/flynn.fre6316/Desktop/RGP_Project03/UnrealProject/Content/reference_sphere.uasset
[2016.08.17-01.41.32:719][887]Cmd: OBJ SAVEPACKAGE PACKAGE="/Game/Models/lambert1" FILE="../../../../../Users/flynn.fre6316/Desktop/RGP_Project03/UnrealProject/Content/Models/lambert1.uasset" SILENT=true
[2016.08.17-01.41.32:729][887]LogSavePackage: Save=8.72ms
[2016.08.17-01.41.32:729][887]LogSavePackage: Moving '../../../../../Users/flynn.fre6316/Desktop/RGP_Project03/UnrealProject/Saved/lambert1B386C39D450B226428F1F985566E769F.tmp' to '../../../../../Users/flynn.fre6316/Desktop/RGP_Project03/UnrealProject/Content/Models/lambert1.uasset'
[2016.08.17-01.41.32:729][887]LogSavePackage:Display: Finished SavePackage ../../../../../Users/flynn.fre6316/Desktop/RGP_Project03/UnrealProject/Content/Models/lambert1.uasset
[2016.08.17-01.42.08:662][561]LogEditorViewport: Clicking on Actor (LMB): BP_Sky_Sphere_C (Sky Sphere)
[2016.08.17-01.42.09:364][644]LogEditorViewport: Clicking on Actor (LMB): BP_Sky_Sphere_C (Sky Sphere)
[2016.08.17-01.42.17:401][605]LogEditorViewport: Clicking on Actor (LMB): BP_Sky_Sphere_C (Sky Sphere)
[2016.08.17-01.42.20:730][767]Cmd: OBJ SAVEPACKAGE PACKAGE="/Game/lambert1" FILE="../../../../../Users/flynn.fre6316/Desktop/RGP_Project03/UnrealProject/Content/lambert1.uasset" SILENT=true
[2016.08.17-01.42.20:732][767]LogSavePackage: Save=1.40ms
[2016.08.17-01.42.20:732][767]LogSavePackage: Moving '../../../../../Users/flynn.fre6316/Desktop/RGP_Project03/UnrealProject/Saved/lambert10317201F4EB53E9570AC6093701AB5A4.tmp' to '../../../../../Users/flynn.fre6316/Desktop/RGP_Project03/UnrealProject/Content/lambert1.uasset'
[2016.08.17-01.42.20:734][767]LogSavePackage:Display: Finished SavePackage ../../../../../Users/flynn.fre6316/Desktop/RGP_Project03/UnrealProject/Content/lambert1.uasset
[2016.08.17-01.42.20:947][768]Cmd: QUIT_EDITOR
[2016.08.17-01.42.21:021][768]LogExit: Preparing to exit.
[2016.08.17-01.42.21:413][768]LogExit: Editor shut down
[2016.08.17-01.42.21:413][768]LogExit: Transaction tracking system shut down
[2016.08.17-01.42.21:509][768]LogObj: Freed 0b from 0 cluster array pools.
[2016.08.17-01.42.21:509][768]LogExit: Object subsystem successfully closed.
[2016.08.17-01.42.21:529][768]LogD3D11RHI: Shutdown
[2016.08.17-01.42.21:529][768]LogD3D11RHI: CleanupD3DDevice
[2016.08.17-01.42.21:560][768]LogD3D11RHI: ~FD3D11DynamicRHI
[2016.08.17-01.42.21:567][768]LogModuleManager: Shutting down and abandoning module HierarchicalLODOutliner (213)
[2016.08.17-01.42.21:567][768]LogModuleManager: Shutting down and abandoning module CrashTracker (212)
[2016.08.17-01.42.21:567][768]LogModuleManager: Shutting down and abandoning module SceneOutliner (211)
[2016.08.17-01.42.21:567][768]LogModuleManager: Shutting down and abandoning module WidgetCarousel (210)
[2016.08.17-01.42.21:567][768]LogModuleManager: Shutting down and abandoning module AddContentDialog (209)
[2016.08.17-01.42.21:568][768]LogModuleManager: Shutting down and abandoning module GameplayTags (208)
[2016.08.17-01.42.21:568][768]LogModuleManager: Shutting down and abandoning module EditorWidgets (207)
[2016.08.17-01.42.21:568][768]LogModuleManager: Shutting down and abandoning module CollectionManager (206)
[2016.08.17-01.42.21:568][768]LogModuleManager: Shutting down and abandoning module StatsViewer (205)
[2016.08.17-01.42.21:568][768]LogModuleManager: Shutting down and abandoning module FoliageEdit (204)
[2016.08.17-01.42.21:568][768]LogModuleManager: Shutting down and abandoning module LandscapeEditor (203)
[2016.08.17-01.42.21:568][768]LogModuleManager: Shutting down and abandoning module SceneDepthPickerMode (202)
[2016.08.17-01.42.21:568][768]LogModuleManager: Shutting down and abandoning module ActorPickerMode (201)
[2016.08.17-01.42.21:568][768]LogModuleManager: Shutting down and abandoning module GeometryMode (200)
[2016.08.17-01.42.21:568][768]LogModuleManager: Shutting down and abandoning module TextureAlignMode (199)
[2016.08.17-01.42.21:568][768]LogModuleManager: Shutting down and abandoning module BspMode (198)
[2016.08.17-01.42.21:568][768]LogModuleManager: Shutting down and abandoning module HardwareSurvey (197)
[2016.08.17-01.42.21:568][768]LogModuleManager: Shutting down and abandoning module SequenceRecorderSections (196)
[2016.08.17-01.42.21:568][768]LogModuleManager: Shutting down and abandoning module SequenceRecorder (195)
[2016.08.17-01.42.21:568][768]LogModuleManager: Shutting down and abandoning module AutomationWorker (194)
[2016.08.17-01.42.21:568][768]LogModuleManager: Shutting down and abandoning module MatineeToLevelSequence (193)
[2016.08.17-01.42.21:568][768]LogModuleManager: Shutting down and abandoning module PlacementMode (192)
[2016.08.17-01.42.21:568][768]LogModuleManager: Shutting down and abandoning module LevelSequenceEditor (191)
[2016.08.17-01.42.21:568][768]LogModuleManager: Shutting down and abandoning module CharacterAI (190)
[2016.08.17-01.42.21:568][768]LogModuleManager: Shutting down and abandoning module SmartSnapping (189)
[2016.08.17-01.42.21:568][768]LogModuleManager: Shutting down and abandoning module SessionServices (188)
[2016.08.17-01.42.21:568][768]LogModuleManager: Shutting down and abandoning module ViewportSnapping (187)
[2016.08.17-01.42.21:568][768]LogModuleManager: Shutting down and abandoning module LogVisualizer (186)
[2016.08.17-01.42.21:568][768]LogModuleManager: Shutting down and abandoning module GameProjectGeneration (185)
[2016.08.17-01.42.21:568][768]LogModuleManager: Shutting down and abandoning module IntroTutorials (184)
[2016.08.17-01.42.21:568][768]LogModuleManager: Shutting down and abandoning module EditorLiveStreaming (183)
[2016.08.17-01.42.21:568][768]LogModuleManager: Shutting down and abandoning module IOSPlatformEditor (182)
[2016.08.17-01.42.21:568][768]LogModuleManager: Shutting down and abandoning module HTML5PlatformEditor (181)
[2016.08.17-01.42.21:568][768]LogModuleManager: Shutting down and abandoning module AndroidDeviceDetection (180)
[2016.08.17-01.42.21:876][768]LogModuleManager: Shutting down and abandoning module AndroidPlatformEditor (179)
[2016.08.17-01.42.21:876][768]LogModuleManager: Shutting down and abandoning module IOSRuntimeSettings (178)
[2016.08.17-01.42.21:876][768]LogModuleManager: Shutting down and abandoning module AndroidRuntimeSettings (177)
[2016.08.17-01.42.21:876][768]LogModuleManager: Shutting down and abandoning module MergeActors (176)
[2016.08.17-01.42.21:876][768]LogModuleManager: Shutting down and abandoning module SizeMap (175)
[2016.08.17-01.42.21:876][768]LogModuleManager: Shutting down and abandoning module TreeMap (174)
[2016.08.17-01.42.21:876][768]LogModuleManager: Shutting down and abandoning module ReferenceViewer (173)
[2016.08.17-01.42.21:877][768]LogModuleManager: Shutting down and abandoning module LocalizationService (172)
[2016.08.17-01.42.21:877][768]LogModuleManager: Shutting down and abandoning module LocalizationDashboard (171)
[2016.08.17-01.42.21:877][768]LogModuleManager: Shutting down and abandoning module HardwareTargeting (170)
[2016.08.17-01.42.21:877][768]LogModuleManager: Shutting down and abandoning module DeviceProfileEditor (169)
[2016.08.17-01.42.21:877][768]LogModuleManager: Shutting down and abandoning module UndoHistory (168)
[2016.08.17-01.42.21:877][768]LogModuleManager: Shutting down and abandoning module UserFeedback (167)
[2016.08.17-01.42.21:877][768]LogModuleManager: Shutting down and abandoning module XmlParser (166)
[2016.08.17-01.42.21:877][768]LogModuleManager: Shutting down and abandoning module Blutility (165)
[2016.08.17-01.42.21:877][768]LogModuleManager: Shutting down and abandoning module ProjectTargetPlatformEditor (164)
[2016.08.17-01.42.21:877][768]LogModuleManager: Shutting down and abandoning module ProjectSettingsViewer (163)
[2016.08.17-01.42.21:877][768]LogModuleManager: Shutting down and abandoning module InputBindingEditor (162)
[2016.08.17-01.42.21:877][768]LogModuleManager: Shutting down and abandoning module EditorSettingsViewer (161)
[2016.08.17-01.42.21:877][768]LogModuleManager: Shutting down and abandoning module SettingsEditor (160)
[2016.08.17-01.42.21:877][768]LogModuleManager: Shutting down and abandoning module ProjectLauncher (159)
[2016.08.17-01.42.21:877][768]LogModuleManager: Shutting down and abandoning module SessionFrontend (158)
[2016.08.17-01.42.21:877][768]LogModuleManager: Shutting down and abandoning module ProfilerClient (157)
[2016.08.17-01.42.21:877][768]LogModuleManager: Shutting down and abandoning module TargetDeviceServices (156)
[2016.08.17-01.42.21:877][768]LogModuleManager: Shutting down and abandoning module DeviceManager (155)
[2016.08.17-01.42.21:928][768]LogModuleManager: Shutting down and abandoning module AutomationController (154)
[2016.08.17-01.42.21:928][768]LogModuleManager: Shutting down and abandoning module AutomationWindow (153)
[2016.08.17-01.42.21:928][768]LogModuleManager: Shutting down and abandoning module Layers (152)
[2016.08.17-01.42.21:928][768]LogModuleManager: Shutting down and abandoning module ComponentVisualizers (151)
[2016.08.17-01.42.21:928][768]LogModuleManager: Shutting down and abandoning module DetailCustomizations (150)
[2016.08.17-01.42.21:928][768]LogModuleManager: Shutting down and abandoning module PackagesDialog (149)
[2016.08.17-01.42.21:928][768]LogModuleManager: Shutting down and abandoning module Persona (148)
[2016.08.17-01.42.21:928][768]LogModuleManager: Shutting down and abandoning module Kismet (147)
[2016.08.17-01.42.21:928][768]LogModuleManager: Shutting down and abandoning module GraphEditor (146)
[2016.08.17-01.42.21:928][768]LogModuleManager: Shutting down and abandoning module ClassViewer (145)
[2016.08.17-01.42.21:928][768]LogModuleManager: Shutting down and abandoning module Toolbox (144)
[2016.08.17-01.42.21:928][768]LogModuleManager: Shutting down and abandoning module ModuleUI (143)
[2016.08.17-01.42.21:928][768]LogModuleManager: Shutting down and abandoning module MovieSceneTools (142)
[2016.08.17-01.42.21:929][768]LogModuleManager: Shutting down and abandoning module OutputLog (141)
[2016.08.17-01.42.21:929][768]LogModuleManager: Shutting down and abandoning module GammaUI (140)
[2016.08.17-01.42.21:929][768]LogModuleManager: Shutting down and abandoning module Documentation (139)
[2016.08.17-01.42.21:929][768]LogModuleManager: Shutting down and abandoning module StreamingPauseRendering (138)
[2016.08.17-01.42.21:929][768]LogModuleManager: Shutting down and abandoning module AnalyticsET (137)
[2016.08.17-01.42.21:929][768]LogModuleManager: Shutting down and abandoning module Analytics (136)
[2016.08.17-01.42.21:929][768]LogModuleManager: Shutting down and abandoning module PortalServices (135)
[2016.08.17-01.42.21:929][768]LogModuleManager: Shutting down and abandoning module PortalRpc (134)
[2016.08.17-01.42.21:929][768]LogModuleManager: Shutting down and abandoning module MessagingRpc (133)
[2016.08.17-01.42.21:929][768]LogModuleManager: Shutting down and abandoning module GameplayDebugger (132)
[2016.08.17-01.42.21:929][768]LogModuleManager: Shutting down and abandoning module AITestSuite (131)
[2016.08.17-01.42.21:929][768]LogModuleManager: Shutting down and abandoning module AIModule (130)
[2016.08.17-01.42.21:929][768]LogModuleManager: Shutting down and abandoning module ProfilerService (129)
[2016.08.17-01.42.22:098][768]LogModuleManager: Shutting down and abandoning module TaskGraph (128)
[2016.08.17-01.42.22:098][768]LogModuleManager: Shutting down and abandoning module SlateRemote (127)
[2016.08.17-01.42.22:099][768]LogModuleManager: Shutting down and abandoning module SteamVRController (126)
[2016.08.17-01.42.22:099][768]LogModuleManager: Shutting down and abandoning module SteamVR (125)
[2016.08.17-01.42.22:099][768]LogModuleManager: Shutting down and abandoning module ProceduralMeshComponent (124)
[2016.08.17-01.42.22:099][768]LogModuleManager: Shutting down and abandoning module OculusLibrary (123)
[2016.08.17-01.42.22:099][768]LogModuleManager: Shutting down and abandoning module OculusInput (122)
[2016.08.17-01.42.22:099][768]LogModuleManager: Shutting down and abandoning module CustomMeshComponent (121)
[2016.08.17-01.42.22:099][768]LogModuleManager: Shutting down and abandoning module CableComponent (120)
[2016.08.17-01.42.22:099][768]LogModuleManager: Shutting down and abandoning module ArchVisCharacter (119)
[2016.08.17-01.42.22:099][768]LogModuleManager: Shutting down and abandoning module MediaPlayerEditor (118)
[2016.08.17-01.42.22:099][768]LogModuleManager: Shutting down and abandoning module HTML5Networking (117)
[2016.08.17-01.42.22:099][768]LogModuleManager: Shutting down and abandoning module SuperSearch (116)
[2016.08.17-01.42.22:099][768]LogModuleManager: Shutting down and abandoning module SuperSearchEditor (115)
[2016.08.17-01.42.22:099][768]LogModuleManager: Shutting down and abandoning module SpeedTreeImporter (114)
[2016.08.17-01.42.22:099][768]LogModuleManager: Shutting down and abandoning module PluginBrowser (113)
[2016.08.17-01.42.22:099][768]LogModuleManager: Shutting down and abandoning module EpicSurvey (112)
[2016.08.17-01.42.22:099][768]LogModuleManager: Shutting down and abandoning module DesktopPlatform (111)
[2016.08.17-01.42.22:099][768]LogModuleManager: Shutting down and abandoning module VisualStudioSourceCodeAccess (110)
[2016.08.17-01.42.22:099][768]LogModuleManager: Shutting down and abandoning module UObjectPlugin (109)
[2016.08.17-01.42.22:099][768]LogModuleManager: Shutting down and abandoning module SubversionSourceControl (108)
[2016.08.17-01.42.22:099][768]LogModuleManager: Shutting down and abandoning module PerforceSourceControl (107)
[2016.08.17-01.42.22:099][768]LogModuleManager: Shutting down and abandoning module SourceControl (106)
[2016.08.17-01.42.22:099][768]LogModuleManager: Shutting down and abandoning module GitSourceControl (105)
[2016.08.17-01.42.22:099][768]LogModuleManager: Shutting down and abandoning module LightPropagationVolumeEditor (104)
[2016.08.17-01.42.22:099][768]LogModuleManager: Shutting down and abandoning module PaperTiledImporter (103)
[2016.08.17-01.42.22:099][768]LogModuleManager: Shutting down and abandoning module PaperSpriteSheetImporter (102)
[2016.08.17-01.42.22:099][768]LogModuleManager: Shutting down and abandoning module MeshPaint (101)
[2016.08.17-01.42.22:099][768]LogModuleManager: Shutting down and abandoning module PixelInspectorModule (100)
[2016.08.17-01.42.22:099][768]LogModuleManager: Shutting down and abandoning module HotReload (99)
[2016.08.17-01.42.22:100][768]LogModuleManager: Shutting down and abandoning module MainFrame (98)
[2016.08.17-01.42.22:100][768]LogModuleManager: Shutting down and abandoning module LevelEditor (97)
[2016.08.17-01.42.22:101][768]LogModuleManager: Shutting down and abandoning module ContentBrowser (96)
[2016.08.17-01.42.22:102][768]LogModuleManager: Shutting down and abandoning module Paper2DEditor (95)
[2016.08.17-01.42.22:102][768]LogModuleManager: Shutting down and abandoning module UdpMessaging (94)
[2016.08.17-01.42.22:202][768]LogModuleManager: Shutting down and abandoning module LightPropagationVolumeRuntime (93)
[2016.08.17-01.42.22:202][768]LogModuleManager: Shutting down and abandoning module Paper2D (92)
[2016.08.17-01.42.22:202][768]LogModuleManager: Shutting down and abandoning module WindowsMoviePlayer (91)
[2016.08.17-01.42.22:202][768]LogModuleManager: Shutting down and abandoning module Media (90)
[2016.08.17-01.42.22:202][768]LogModuleManager: Shutting down and abandoning module WmfMedia (89)
[2016.08.17-01.42.22:202][768]LogModuleManager: Shutting down and abandoning module MediaAssets (88)
[2016.08.17-01.42.22:202][768]LogModuleManager: Shutting down and abandoning module GameLiveStreaming (87)
[2016.08.17-01.42.22:203][768]LogModuleManager: Shutting down and abandoning module GameplayTagsEditor (86)
[2016.08.17-01.42.22:203][768]LogModuleManager: Shutting down and abandoning module OnlineBlueprintSupport (85)
[2016.08.17-01.42.22:203][768]LogModuleManager: Shutting down and abandoning module VREditor (84)
[2016.08.17-01.42.22:203][768]LogModuleManager: Shutting down and abandoning module GameplayTasksEditor (83)
[2016.08.17-01.42.22:203][768]LogModuleManager: Shutting down and abandoning module PropertyEditor (82)
[2016.08.17-01.42.22:203][768]LogModuleManager: Shutting down and abandoning module BehaviorTreeEditor (81)
[2016.08.17-01.42.22:203][768]LogModuleManager: Shutting down and abandoning module FunctionalTesting (80)
[2016.08.17-01.42.22:203][768]LogModuleManager: Shutting down and abandoning module CollisionAnalyzer (79)
[2016.08.17-01.42.22:203][768]LogModuleManager: Shutting down and abandoning module Sequencer (78)
[2016.08.17-01.42.22:203][768]LogModuleManager: Shutting down and abandoning module WorkspaceMenuStructure (77)
[2016.08.17-01.42.22:203][768]LogModuleManager: Shutting down and abandoning module MessageLog (76)
[2016.08.17-01.42.22:203][768]LogModuleManager: Shutting down and abandoning module AssetTools (75)
[2016.08.17-01.42.22:203][768]LogModuleManager: Shutting down and abandoning module UMGEditor (74)
[2016.08.17-01.42.22:203][768]LogModuleManager: Shutting down and abandoning module UMG (73)
[2016.08.17-01.42.22:203][768]LogModuleManager: Shutting down and abandoning module SlateReflector (72)
[2016.08.17-01.42.22:203][768]LogModuleManager: Shutting down and abandoning module Slate (71)
[2016.08.17-01.42.22:203][768]LogModuleManager: Shutting down and abandoning module EditorStyle (70)
[2016.08.17-01.42.22:207][768]LogModuleManager: Shutting down and abandoning module SourceCodeAccess (69)
[2016.08.17-01.42.22:207][768]LogModuleManager: Shutting down and abandoning module HeadMountedDisplay (68)
[2016.08.17-01.42.22:207][768]LogModuleManager: Shutting down and abandoning module XAudio2 (67)
[2016.08.17-01.42.22:207][768]LogModuleManager: Shutting down and abandoning module Networking (65)
[2016.08.17-01.42.22:207][768]LogModuleManager: Shutting down and abandoning module Core (64)
[2016.08.17-01.42.22:207][768]LogModuleManager: Shutting down and abandoning module DirectoryWatcher (63)
[2016.08.17-01.42.22:208][768]LogModuleManager: Shutting down and abandoning module AssetRegistry (62)
[2016.08.17-01.42.22:297][768]LogModuleManager: Shutting down and abandoning module KismetCompiler (61)
[2016.08.17-01.42.22:298][768]LogModuleManager: Shutting down and abandoning module PhysXFormats (60)
[2016.08.17-01.42.22:298][768]LogModuleManager: Shutting down and abandoning module MeshUtilities (59)
[2016.08.17-01.42.22:298][768]LogModuleManager: Shutting down and abandoning module DerivedDataCache (58)
[2016.08.17-01.42.22:386][768]LogDerivedDataCache: Shutdown
[2016.08.17-01.42.22:386][768]LogModuleManager: Shutting down and abandoning module VulkanShaderFormat (57)
[2016.08.17-01.42.22:386][768]LogModuleManager: Shutting down and abandoning module ShaderFormatOpenGL (56)
[2016.08.17-01.42.22:386][768]LogModuleManager: Shutting down and abandoning module ShaderFormatD3D (55)
[2016.08.17-01.42.22:386][768]LogModuleManager: Shutting down and abandoning module MetalShaderFormat (54)
[2016.08.17-01.42.22:386][768]LogModuleManager: Shutting down and abandoning module TextureFormatUncompressed (53)
[2016.08.17-01.42.22:386][768]LogModuleManager: Shutting down and abandoning module TextureFormatPVR (52)
[2016.08.17-01.42.22:387][768]LogModuleManager: Shutting down and abandoning module TextureFormatIntelISPCTexComp (51)
[2016.08.17-01.42.22:387][768]LogModuleManager: Shutting down and abandoning module TextureFormatDXT (50)
[2016.08.17-01.42.22:387][768]LogModuleManager: Shutting down and abandoning module ImageWrapper (49)
[2016.08.17-01.42.22:387][768]LogModuleManager: Shutting down and abandoning module TextureFormatASTC (48)
[2016.08.17-01.42.22:387][768]LogModuleManager: Shutting down and abandoning module TextureFormatAndroid (47)
[2016.08.17-01.42.22:387][768]LogModuleManager: Shutting down and abandoning module AudioFormatOpus (46)
[2016.08.17-01.42.22:387][768]LogModuleManager: Shutting down and abandoning module AudioFormatOgg (45)
[2016.08.17-01.42.22:387][768]LogModuleManager: Shutting down and abandoning module AudioFormatADPCM (44)
[2016.08.17-01.42.22:387][768]LogModuleManager: Shutting down and abandoning module LinuxTargetPlatform (43)
[2016.08.17-01.42.22:387][768]LogModuleManager: Shutting down and abandoning module LinuxServerTargetPlatform (42)
[2016.08.17-01.42.22:387][768]LogModuleManager: Shutting down and abandoning module LinuxNoEditorTargetPlatform (41)
[2016.08.17-01.42.22:387][768]LogModuleManager: Shutting down and abandoning module TVOSTargetPlatform (40)
[2016.08.17-01.42.22:387][768]LogModuleManager: Shutting down and abandoning module Messaging (39)
[2016.08.17-01.42.22:387][768]LogModuleManager: Shutting down and abandoning module IOSTargetPlatform (38)
[2016.08.17-01.42.22:387][768]LogModuleManager: Shutting down and abandoning module HTML5TargetPlatform (37)
[2016.08.17-01.42.22:387][768]LogModuleManager: Shutting down and abandoning module Android_PVRTCTargetPlatform (36)
[2016.08.17-01.42.22:387][768]LogModuleManager: Shutting down and abandoning module Android_MultiTargetPlatform (35)
[2016.08.17-01.42.22:387][768]LogModuleManager: Shutting down and abandoning module Android_ETC2TargetPlatform (34)
[2016.08.17-01.42.22:387][768]LogModuleManager: Shutting down and abandoning module Android_ETC1TargetPlatform (33)
[2016.08.17-01.42.22:387][768]LogModuleManager: Shutting down and abandoning module Android_DXTTargetPlatform (32)
[2016.08.17-01.42.22:387][768]LogModuleManager: Shutting down and abandoning module Android_ATCTargetPlatform (31)
[2016.08.17-01.42.22:387][768]LogModuleManager: Shutting down and abandoning module Android_ASTCTargetPlatform (30)
[2016.08.17-01.42.22:387][768]LogModuleManager: Shutting down and abandoning module AndroidTargetPlatform (29)
[2016.08.17-01.42.22:387][768]LogModuleManager: Shutting down and abandoning module WindowsTargetPlatform (28)
[2016.08.17-01.42.22:387][768]LogModuleManager: Shutting down and abandoning module WindowsServerTargetPlatform (27)
[2016.08.17-01.42.22:387][768]LogModuleManager: Shutting down and abandoning module WindowsNoEditorTargetPlatform (26)
[2016.08.17-01.42.22:387][768]LogModuleManager: Shutting down and abandoning module WindowsClientTargetPlatform (25)
[2016.08.17-01.42.22:387][768]LogModuleManager: Shutting down and abandoning module AllDesktopTargetPlatform (24)
[2016.08.17-01.42.22:387][768]LogModuleManager: Shutting down and abandoning module TargetPlatform (23)
[2016.08.17-01.42.22:387][768]LogModuleManager: Shutting down and abandoning module InputCore (22)
[2016.08.17-01.42.22:387][768]LogModuleManager: Shutting down and abandoning module Settings (21)
[2016.08.17-01.42.22:387][768]LogModuleManager: Shutting down and abandoning module OnlineSubsystem (19)
[2016.08.17-01.42.22:388][768]LogModuleManager: Shutting down and abandoning module HTTP (18)
[2016.08.17-01.42.26:895][768]LogModuleManager: Shutting down and abandoning module XMPP (17)
[2016.08.17-01.42.26:895][768]LogModuleManager: Shutting down and abandoning module OculusRift (16)
[2016.08.17-01.42.26:895][768]LogModuleManager: Shutting down and abandoning module ExampleDeviceProfileSelector (15)
[2016.08.17-01.42.26:895][768]LogModuleManager: Shutting down and abandoning module TextureCompressor (14)
[2016.08.17-01.42.26:895][768]LogModuleManager: Shutting down and abandoning module ShaderCore (13)
[2016.08.17-01.42.26:895][768]LogModuleManager: Shutting down and abandoning module Landscape (12)
[2016.08.17-01.42.26:895][768]LogModuleManager: Shutting down and abandoning module SlateRHIRenderer (11)
[2016.08.17-01.42.26:896][768]LogModuleManager: Shutting down and abandoning module OpenGLDrv (10)
[2016.08.17-01.42.26:896][768]LogModuleManager: Shutting down and abandoning module D3D11RHI (9)
[2016.08.17-01.42.26:896][768]LogModuleManager: Shutting down and abandoning module AnimGraphRuntime (8)
[2016.08.17-01.42.26:896][768]LogModuleManager: Shutting down and abandoning module Renderer (7)
[2016.08.17-01.42.26:896][768]LogModuleManager: Shutting down and abandoning module Engine (6)
[2016.08.17-01.42.26:896][768]LogModuleManager: Shutting down and abandoning module CoreUObject (5)
[2016.08.17-01.42.26:896][768]LogModuleManager: Shutting down and abandoning module NetworkFile (4)
[2016.08.17-01.42.26:896][768]LogModuleManager: Shutting down and abandoning module StreamingFile (3)
[2016.08.17-01.42.26:896][768]LogModuleManager: Shutting down and abandoning module SandboxFile (2)
[2016.08.17-01.42.26:896][768]LogModuleManager: Shutting down and abandoning module PakFile (1)
[2016.08.17-01.42.26:897][768]LogExit: Exiting.
[2016.08.17-01.42.26:909][768]Log file closed, 08/17/16 13:42:26
