Log file open, 08/18/16 14:04:31
LogInit:Display: Running engine for game: ClimateChanger
LogPlatformFile: Not using cached read wrapper
LogInit:Display: RandInit(-596991623) SRandInit(-596991619).
LogTaskGraph: Started task graph with 4 named threads and 7 total threads with 1 sets of task threads.
LogStats: Stats thread started at 0.086362
LogInit: Version: 4.12.2-3005592+++UE4+Release-4.12
LogInit: API Version: 2992821
LogInit: Net Version: 3005592
LogDevObjectVersion: Number of dev versions registered: 13
LogDevObjectVersion:   Dev-Blueprints (B0D832E4-1F89-4F0D-ACCF-7EB736FD4AA2): 3
LogDevObjectVersion:   Dev-Build (E1C64328-A22C-4D53-A36C-8E866417BD8C): 0
LogDevObjectVersion:   Dev-Core (375EC13C-06E4-48FB-B500-84F0262A717E): 1
LogDevObjectVersion:   Dev-Editor (E4B068ED-F494-42E9-A231-DA0B2E46BB41): 2
LogDevObjectVersion:   Dev-Framework (CFFC743F-43B0-4480-9391-14DF171D2073): 6
LogDevObjectVersion:   Dev-Mobile (B02B49B5-BB20-44E9-A304-32B752E40360): 0
LogDevObjectVersion:   Dev-Networking (A4E4105C-59A1-49B5-A7C5-40C4547EDFEE): 0
LogDevObjectVersion:   Dev-Online (39C831C9-5AE6-47DC-9A44-9C173E1C8E7C): 0
LogDevObjectVersion:   Dev-Physics (78F01B33-EBEA-4F98-B9B4-84EACCB95AA2): 0
LogDevObjectVersion:   Dev-Platform (6631380F-2D4D-43E0-8009-CF276956A95A): 0
LogDevObjectVersion:   Dev-Rendering (12F88B9F-8875-4AFC-A67C-D90C383ABD29): 2
LogDevObjectVersion:   Dev-Sequencer (7B5AE74C-D270-4C10-A958-57980B212A5A): 0
LogDevObjectVersion:   Dev-VR (D7296918-1DD6-4BDD-9DE2-64A83CC13884): 0
LogInit: Compiled (64-bit): Jun  8 2016 08:57:49
LogInit: Compiled with Visual C++: 19.00.23026.00
LogInit: Build Configuration: Development
LogInit: Branch Name: ++UE4+Release-4.12
LogInit: Command line:  
LogInit: Base directory: E:/Epic Games/4.12/Engine/Binaries/Win64/
LogInit: Installed Engine Build: 1
LogInit: Using libcurl 7.41.0
LogInit:  - built for x86_64-pc-win32
LogInit:  - supports SSL with WinSSL
LogInit:  - other features:
LogInit:      CURL_VERSION_SSL
LogInit:      CURL_VERSION_IPV6
LogInit:      CURL_VERSION_ASYNCHDNS
LogInit:      CURL_VERSION_LARGEFILE
LogInit:      CURL_VERSION_IDN
LogInit:  CurlRequestOptions (configurable via config and command line):
LogInit:  - bVerifyPeer = true  - Libcurl will verify peer certificate
LogInit:  - bUseHttpProxy = false  - Libcurl will NOT use HTTP proxy
LogInit:  - bDontReuseConnections = false  - Libcurl will reuse connections
LogInit:  - CertBundlePath = nullptr  - Libcurl will use whatever was configured at build time.
LogInit: Presizing for max 8388607 objects, including 0 objects not considered by GC, pre-allocating 0 bytes for permanent pool.
LogInit: Object subsystem initialized
[2016.08.18-02.04.31:856][  0]LogInit: Selected Device Profile: [Windows]
[2016.08.18-02.04.31:856][  0]LogInit: Applying CVar settings loaded from the selected device profile: [Windows]
[2016.08.18-02.04.31:867][  0]LogInit: Computer: BEAST
[2016.08.18-02.04.31:868][  0]LogInit: User: Tyrone
[2016.08.18-02.04.31:868][  0]LogInit: CPU Page size=65536, Cores=4
[2016.08.18-02.04.31:868][  0]LogInit: High frequency timer resolution =3.924117 MHz
[2016.08.18-02.04.31:868][  0]LogMemory: Memory total: Physical=16.0GB (16GB approx)
[2016.08.18-02.04.31:868][  0]LogMemory: Platform Memory Stats for Windows
[2016.08.18-02.04.31:868][  0]LogMemory: Process Physical Memory: 190.33 MB used, 190.33 MB peak
[2016.08.18-02.04.31:868][  0]LogMemory: Process Virtual Memory: 195.11 MB used, 195.11 MB peak
[2016.08.18-02.04.31:868][  0]LogMemory: Physical Memory: 5385.65 MB used, 16348.61 MB total
[2016.08.18-02.04.31:868][  0]LogMemory: Virtual Memory: 554.49 MB used, 134217728.00 MB total
[2016.08.18-02.04.31:910][  0]LogTextLocalizationManager: No specific translations for ('en-US') exist, so ('en') translations will be used.
[2016.08.18-02.04.32:373][  0]LogD3D11RHI: D3D11 adapters:
[2016.08.18-02.04.32:386][  0]LogD3D11RHI:    0. 'AMD Radeon R9 200 Series' (Feature Level 11_0)
[2016.08.18-02.04.32:386][  0]LogD3D11RHI:       3053/0/8174 MB DedicatedVideo/DedicatedSystem/SharedSystem, Outputs:2, VendorId:0x1002
[2016.08.18-02.04.32:389][  0]LogD3D11RHI:    1. 'Microsoft Basic Render Driver' (Feature Level 11_0)
[2016.08.18-02.04.32:389][  0]LogD3D11RHI:       0/0/8174 MB DedicatedVideo/DedicatedSystem/SharedSystem, Outputs:0, VendorId:0x1414
[2016.08.18-02.04.32:389][  0]LogD3D11RHI: Chosen D3D11 Adapter: 0
[2016.08.18-02.04.32:395][  0]LogD3D11RHI: Creating new Direct3DDevice
[2016.08.18-02.04.32:395][  0]LogD3D11RHI:     GPU DeviceId: 0x6798 (for the marketing name, search the web for "GPU Device Id")
[2016.08.18-02.04.32:395][  0]LogWindows: EnumDisplayDevices:
[2016.08.18-02.04.32:395][  0]LogWindows:    0. 'AMD Radeon R9 200 Series' (P:1 D:1)
[2016.08.18-02.04.32:396][  0]LogWindows:    1. 'AMD Radeon R9 200 Series' (P:0 D:1)
[2016.08.18-02.04.32:396][  0]LogWindows:    2. 'AMD Radeon R9 200 Series' (P:0 D:0)
[2016.08.18-02.04.32:397][  0]LogWindows:    3. 'AMD Radeon R9 200 Series' (P:0 D:0)
[2016.08.18-02.04.32:397][  0]LogWindows:    4. 'AMD Radeon R9 200 Series' (P:0 D:0)
[2016.08.18-02.04.32:397][  0]LogWindows:    5. 'AMD Radeon R9 200 Series' (P:0 D:0)
[2016.08.18-02.04.32:398][  0]LogWindows: DebugString: FoundDriverCount:6 
[2016.08.18-02.04.32:398][  0]LogD3D11RHI:     Adapter Name: AMD Radeon R9 200 Series
[2016.08.18-02.04.32:398][  0]LogD3D11RHI:   Driver Version: Crimson 16.7.3 (internal:16.300.2311.0, unified:16.300.2311.0)
[2016.08.18-02.04.32:398][  0]LogD3D11RHI:      Driver Date: 7-18-2016
[2016.08.18-02.04.32:398][  0]LogRHI: Texture pool is 1361 MB (70% of 1945 MB)
[2016.08.18-02.04.32:407][  0]LogD3D11RHI: Async texture creation disabled: no driver support
[2016.08.18-02.04.32:418][  0]LogD3D11RHI: GPU Timing Frequency: 27.000000 (Debug: 2 1)
[2016.08.18-02.04.32:419][  0]LogShaderCompilers: Guid format shader working directory is -16 characters bigger than the processId version (../../../../../Uni work/Year 2/Rapid Prototyping/ClimateChanger/Intermediate/Shaders/WorkingDirectory/7248/).
[2016.08.18-02.04.32:419][  0]LogShaderCompilers: Cleaned the shader compiler working directory 'C:/Users/Tyrone/AppData/Local/Temp/UnrealShaderWorkingDir/BDC628864AD11CCF62CABB95D29494D1/'.
[2016.08.18-02.04.32:419][  0]LogShaderCompilers:Display: Using Local Shader Compiler.
[2016.08.18-02.04.33:903][  0]LogTemp:Display: Loaded TP AllDesktopTargetPlatform
[2016.08.18-02.04.33:915][  0]LogTemp:Display: Loaded TP WindowsClientTargetPlatform
[2016.08.18-02.04.33:927][  0]LogTemp:Display: Loaded TP WindowsNoEditorTargetPlatform
[2016.08.18-02.04.33:940][  0]LogTemp:Display: Loaded TP WindowsServerTargetPlatform
[2016.08.18-02.04.33:952][  0]LogTemp:Display: Loaded TP WindowsTargetPlatform
[2016.08.18-02.04.33:962][  0]LogTemp:Display: Loaded TP AndroidTargetPlatform
[2016.08.18-02.04.33:972][  0]LogTemp:Display: Loaded TP Android_ASTCTargetPlatform
[2016.08.18-02.04.33:982][  0]LogTemp:Display: Loaded TP Android_ATCTargetPlatform
[2016.08.18-02.04.33:992][  0]LogTemp:Display: Loaded TP Android_DXTTargetPlatform
[2016.08.18-02.04.34:003][  0]LogTemp:Display: Loaded TP Android_ETC1TargetPlatform
[2016.08.18-02.04.34:013][  0]LogTemp:Display: Loaded TP Android_ETC2TargetPlatform
[2016.08.18-02.04.34:034][  0]LogTemp:Display: Loaded TP Android_MultiTargetPlatform
[2016.08.18-02.04.34:034][  0]LogTemp:Display: Loaded TP Android_PVRTCTargetPlatform
[2016.08.18-02.04.34:035][  0]LogTemp:Display: Loaded TP HTML5TargetPlatform
[2016.08.18-02.04.34:060][  0]LogTemp:Display: Loaded TP IOSTargetPlatform
[2016.08.18-02.04.34:070][  0]LogTemp:Display: Loaded TP TVOSTargetPlatform
[2016.08.18-02.04.34:080][  0]LogTemp:Display: Loaded TP LinuxNoEditorTargetPlatform
[2016.08.18-02.04.34:091][  0]LogTemp:Display: Loaded TP LinuxServerTargetPlatform
[2016.08.18-02.04.34:101][  0]LogTemp:Display: Loaded TP LinuxTargetPlatform
[2016.08.18-02.04.34:101][  0]LogTargetPlatformManager:Display: Building Assets For Windows
[2016.08.18-02.04.34:201][  0]LogDerivedDataCache:Display: Max Cache Size: 512 MB
[2016.08.18-02.04.34:282][  0]LogDerivedDataCache: Loaded boot cache 0.08s 48MB C:/Users/Tyrone/AppData/Local/UnrealEngine/4.12/DerivedDataCache/Boot.ddc.
[2016.08.18-02.04.34:282][  0]LogDerivedDataCache:Display: Loaded Boot cache: C:/Users/Tyrone/AppData/Local/UnrealEngine/4.12/DerivedDataCache/Boot.ddc
[2016.08.18-02.04.34:282][  0]LogDerivedDataCache: FDerivedDataBackendGraph:  Pak pak cache file ../../../../../Uni work/Year 2/Rapid Prototyping/ClimateChanger/DerivedDataCache/DDC.ddp not found, will not use a pak cache.
[2016.08.18-02.04.34:282][  0]LogDerivedDataCache: Unable to find inner node Pak for hierarchical cache Hierarchy.
[2016.08.18-02.04.34:282][  0]LogDerivedDataCache: FDerivedDataBackendGraph:  CompressedPak pak cache file ../../../../../Uni work/Year 2/Rapid Prototyping/ClimateChanger/DerivedDataCache/Compressed.ddp not found, will not use a pak cache.
[2016.08.18-02.04.34:282][  0]LogDerivedDataCache: Unable to find inner node CompressedPak for hierarchical cache Hierarchy.
[2016.08.18-02.04.34:304][  0]LogDerivedDataCache:Display: Pak cache opened for reading ../../../Engine/DerivedDataCache/Compressed.ddp.
[2016.08.18-02.04.34:316][  0]LogDerivedDataCache: Using Local data cache path C:/Users/Tyrone/AppData/Local/UnrealEngine/Common/DerivedDataCache: Writable
[2016.08.18-02.04.34:565][  0]LogInit: Selected Device Profile: [Windows]
[2016.08.18-02.04.34:566][  0]LogContentStreaming: Texture pool size is 0.00 MB
[2016.08.18-02.04.34:757][  0]LogMeshUtilities: No automatic mesh reduction module available
[2016.08.18-02.04.34:757][  0]LogMeshUtilities: No automatic mesh merging module available
[2016.08.18-02.04.34:757][  0]LogMeshUtilities: No distributed automatic mesh merging module available
[2016.08.18-02.04.35:113][  0]LogAssetRegistry: FAssetRegistry took 0.0211 seconds to start up
[2016.08.18-02.04.35:143][  0]LogPackageLocalizationCache: Processed 3 localized package path(s) for 2 prioritized culture(s) in 0.026077 seconds
[2016.08.18-02.04.35:152][  0]LogUObjectArray: 28739 objects as part of root set at end of initial load.
[2016.08.18-02.04.35:152][  0]LogUObjectAllocator: 5855632 out of 0 bytes used by permanent object pool.
[2016.08.18-02.04.35:152][  0]LogUObjectArray: CloseDisregardForGC: 0/0 objects in disregard for GC pool
[2016.08.18-02.04.35:164][  0]LogInit: WinSock: version 1.1 (2.2), MaxSocks=32767, MaxUdp=65467
[2016.08.18-02.04.35:391][  0]LogSlate: SlateFontCache - WITH_FREETYPE: 1, WITH_HARFBUZZ: 1
[2016.08.18-02.04.35:391][  0]LogSlate: SlateFontCache - WITH_FREETYPE: 1, WITH_HARFBUZZ: 1
[2016.08.18-02.04.36:545][  0]LogUdpMessaging: Initializing bridge on interface 0.0.0.0:0 to multicast group 230.0.0.1:6666.
[2016.08.18-02.04.36:793][  0]SourceControl: Info Source control is disabled
[2016.08.18-02.04.36:905][  0]SourceControl: Info Source control is disabled
[2016.08.18-02.04.36:917][  0]SourceControl: Info Source control is disabled
[2016.08.18-02.04.36:928][  0]SourceControl: Info Source control is disabled
[2016.08.18-02.04.37:204][  0]LogEngine: Initializing Engine...
[2016.08.18-02.04.37:205][  0]LogHMD: SteamVR failed to initialize.  Err: 110
[2016.08.18-02.04.37:206][  0]LogHMD: SteamVR failed to initialize.  Err: 110
[2016.08.18-02.04.37:372][  0]LogAIModule: Creating AISystem for world NewWorld
[2016.08.18-02.04.37:398][  0]LogInit: XAudio2 using 'Speakers (Realtek High Definition Audio)' : 2 channels at 48 kHz using 32 bits per sample (channel mask 0x3)
[2016.08.18-02.04.37:432][  0]LogInit: FAudioDevice initialized.
[2016.08.18-02.04.37:477][  0]LogDerivedDataCache: Saved boot cache 0.04s 48MB C:/Users/Tyrone/AppData/Local/UnrealEngine/4.12/DerivedDataCache/Boot.ddc.
[2016.08.18-02.04.37:489][  0]LogInit: Texture streaming: Enabled
[2016.08.18-02.04.37:518][  0]LogWindowsTextInputMethodSystem:Display: IME system now deactivated.
[2016.08.18-02.04.38:706][  0]LogInit: Transaction tracking system initialized
[2016.08.18-02.04.38:767][  0]BlueprintLog: New page: Editor Load
[2016.08.18-02.04.38:869][  0]LocalizationService: Info Localization service is disabled
[2016.08.18-02.04.38:950][  0]LogConsoleResponse:Display: 
[2016.08.18-02.04.39:082][  0]LogCook:Display: Max memory allowance for cook 8192mb
[2016.08.18-02.04.39:082][  0]LogCook:Display: Mobile HDR setting 1
[2016.08.18-02.04.39:225][  0]LogFileCache: Scanning file cache for directory 'E:/Uni work/Year 2/Rapid Prototyping/ClimateChanger/Content/' took 0.02s
[2016.08.18-02.04.39:225][  0]SourceControl: Info Source control is disabled
[2016.08.18-02.04.39:225][  0]Cmd: MAP LOAD FILE="../../../../../Uni work/Year 2/Rapid Prototyping/ClimateChanger/Content/TopDownBP/Maps/TopDownExampleMap.umap" TEMPLATE=0 SHOWPROGRESS=1 FEATURELEVEL=3
[2016.08.18-02.04.39:225][  0]LogEditorServer:Warning: Can't find file '../../../../../Uni work/Year 2/Rapid Prototyping/ClimateChanger/Content/TopDownBP/Maps/TopDownExampleMap.umap'
[2016.08.18-02.04.39:225][  0]Cmd: MAP CHECKDEP NOCLEARLOG
[2016.08.18-02.04.39:328][  0]MapCheck: Info Map check complete: 0 Error(s), 0 Warning(s), took 102.967ms to complete.
[2016.08.18-02.04.39:328][  0]LogFileHelpers: Loading map 'TopDownExampleMap' took 0.103
[2016.08.18-02.04.39:488][  0]LogCollectionManager: Loaded 0 collections in 0.002350 seconds
[2016.08.18-02.04.39:536][  0]LogFileCache: Scanning file cache for directory 'E:/Uni work/Year 2/Rapid Prototyping/ClimateChanger/Saved/Collections/' took 0.01s
[2016.08.18-02.04.39:536][  0]LogFileCache: Scanning file cache for directory 'E:/Uni work/Year 2/Rapid Prototyping/ClimateChanger/Content/Developers/Tyrone/Collections/' took 0.01s
[2016.08.18-02.04.39:536][  0]LogFileCache: Scanning file cache for directory 'E:/Uni work/Year 2/Rapid Prototyping/ClimateChanger/Content/Collections/' took 0.01s
[2016.08.18-02.04.39:536][  0]LogCollectionManager: Rebuilt the GUID cache for 0 collections in 0.000004 seconds
[2016.08.18-02.04.39:549][  0]LogContentBrowser: Native class hierarchy populated in 0.0122 seconds. Added 2047 classes and 369 folders.
[2016.08.18-02.04.39:554][  0]LogStats: UGameplayTagsManager::ConstructGameplayTagTree: Construct from data asset -  0.000 s
[2016.08.18-02.04.39:554][  0]LogStats: UGameplayTagsManager::ConstructGameplayTagTree: GameplayTagTreeChangedEvent.Broadcast -  0.000 s
[2016.08.18-02.04.39:555][  0]LogContentBrowser: Native class hierarchy updated for 'GameplayTags' in 0.0007 seconds. Added 12 classes and 0 folders.
[2016.08.18-02.04.39:562][  0]LogContentBrowser: Native class hierarchy updated for 'WidgetCarousel' in 0.0006 seconds. Added 0 classes and 0 folders.
[2016.08.18-02.04.39:648][  0]LogContentBrowser: Native class hierarchy updated for 'AddContentDialog' in 0.0005 seconds. Added 0 classes and 0 folders.
[2016.08.18-02.04.39:652][  0]LogContentBrowser: Native class hierarchy updated for 'SceneOutliner' in 0.0004 seconds. Added 1 classes and 2 folders.
[2016.08.18-02.04.39:671][  0]LogCrashTracker: Crashtracker disabled due to settings.
[2016.08.18-02.04.39:677][  0]LogUObjectGlobals:Warning: Failed to find object 'Class None.'
[2016.08.18-02.04.39:704][  0]LogContentBrowser: Native class hierarchy updated for 'HierarchicalLODOutliner' in 0.0009 seconds. Added 1 classes and 2 folders.
[2016.08.18-02.04.39:704][  0]LogLoad: Full Startup: 8.74 seconds (BP compile: 0.00 seconds)
[2016.08.18-02.04.39:704][  0]LogExternalProfiler: Found external profiler: VSPerf
[2016.08.18-02.04.39:704][  0]LogExternalProfiler: Using external profiler: VSPerf
[2016.08.18-02.04.39:714][  0]LogOcInput: OculusInput pre-init called
[2016.08.18-02.04.39:734][  0]LogContentStreaming: Texture pool size now 1000 MB
[2016.08.18-02.04.39:917][  0]LogRenderer: Reallocating scene render targets to support 1208x576 (Frame:2).
[2016.08.18-02.04.40:158][  2]LogAssetRegistry: Asset discovery search completed in 5.0664 seconds
[2016.08.18-02.04.40:159][  2]LogCollectionManager: Rebuilt the object cache for 0 collections in 0.000001 seconds (found 0 objects)
[2016.08.18-02.04.40:159][  2]LogCollectionManager: Fixed up redirectors for 0 collections in 0.000033 seconds (updated 0 objects)
[2016.08.18-02.04.48:700][961]LogPlayLevel: PlayLevel: No blueprints needed recompiling
[2016.08.18-02.04.48:703][961]PIE: New page: PIE session: Untitled_0 (Aug 19, 2016, 2:04:48 AM)
[2016.08.18-02.04.48:703][961]LogPlayLevel: Creating play world package: /Temp/UEDPIE_0_Untitled_0
[2016.08.18-02.04.48:703][961]LogPlayLevel: PIE: StaticDuplicateObject took: (0.000617s)
[2016.08.18-02.04.48:704][961]LogAIModule: Creating AISystem for world NewWorld
[2016.08.18-02.04.48:704][961]LogPlayLevel: PIE: World Init took: (0.000762s)
[2016.08.18-02.04.48:704][961]LogPlayLevel: PIE: Created PIE world by copying editor world from /Temp/Untitled_0.NewWorld to /Temp/UEDPIE_0_Untitled_0.NewWorld (0.001607s)
[2016.08.18-02.04.48:739][961]LogInit: XAudio2 using 'Speakers (Realtek High Definition Audio)' : 2 channels at 48 kHz using 32 bits per sample (channel mask 0x3)
[2016.08.18-02.04.48:759][961]LogInit: FAudioDevice initialized.
[2016.08.18-02.04.49:221][961]LogWorld: Game class is 'TestGameMode_C'
[2016.08.18-02.04.49:223][961]LogWorld: Bringing World /Temp/UEDPIE_0_Untitled_0.NewWorld up for play (max tick rate 0) at 2016.08.18-14.04.49
[2016.08.18-02.04.49:223][961]LogWorld: Bringing up level for play took: 0.000901
[2016.08.18-02.04.49:229][961]LogContentBrowser: Native class hierarchy updated for 'MovieSceneCapture' in 0.0006 seconds. Added 11 classes and 0 folders.
[2016.08.18-02.04.49:232][961]PIE: Info Play in editor start time for /Temp/UEDPIE_0_Untitled_0 0.363
[2016.08.18-02.05.06:895][ 29]LogAIModule: Creating AISystem for world TestMap
[2016.08.18-02.05.06:927][ 29]Cmd: MAP LOAD FILE="../../../../../Uni work/Year 2/Rapid Prototyping/ClimateChanger/Content/TopDownBP/Maps/TestMap.umap" TEMPLATE=0 SHOWPROGRESS=1 FEATURELEVEL=3
[2016.08.18-02.05.06:927][ 29]LightingResults: New page: Lighting Build
[2016.08.18-02.05.06:930][ 29]LogContentBrowser: Native class hierarchy updated for 'StatsViewer' in 0.0005 seconds. Added 5 classes and 0 folders.
[2016.08.18-02.05.06:931][ 29]LoadErrors: New page: Loading map: TestMap.umap
[2016.08.18-02.05.06:931][ 29]MapCheck: New page: Map Check
[2016.08.18-02.05.06:931][ 29]LightingResults: New page: Lighting Build
[2016.08.18-02.05.06:950][ 29]LogEditorServer: Finished looking for orphan Actors (0.000 secs)
[2016.08.18-02.05.06:975][ 29]Cmd: MAP CHECKDEP NOCLEARLOG
[2016.08.18-02.05.07:070][ 29]MapCheck: Info Map check complete: 0 Error(s), 0 Warning(s), took 95.175ms to complete.
[2016.08.18-02.05.07:070][ 29]LogFileHelpers: Loading map 'TestMap' took 0.145
[2016.08.18-02.05.08:687][202]LogBlueprintUserMessages: Early PlayInEditor Detection: Level '/Game/TopDownBP/Maps/TestMap.TestMap:PersistentLevel' has LevelScriptBlueprint '/Game/TopDownBP/Maps/TestMap.TestMap:PersistentLevel.TestMap' with GeneratedClass '/Game/TopDownBP/Maps/TestMap.TestMap_C' with ClassGeneratedBy '/Game/TopDownBP/Maps/TestMap.TestMap:PersistentLevel.TestMap'
[2016.08.18-02.05.08:687][202]LogPlayLevel: PlayLevel: No blueprints needed recompiling
[2016.08.18-02.05.08:687][202]PIE: New page: PIE session: TestMap (Aug 19, 2016, 2:05:08 AM)
[2016.08.18-02.05.08:687][202]LogPlayLevel: Creating play world package: /Game/TopDownBP/Maps/UEDPIE_0_TestMap
[2016.08.18-02.05.08:730][202]LogPlayLevel: PIE: StaticDuplicateObject took: (0.042572s)
[2016.08.18-02.05.08:731][202]LogAIModule: Creating AISystem for world TestMap
[2016.08.18-02.05.08:731][202]LogPlayLevel: PIE: World Init took: (0.001327s)
[2016.08.18-02.05.08:731][202]LogPlayLevel: PIE: Created PIE world by copying editor world from /Game/TopDownBP/Maps/TestMap.TestMap to /Game/TopDownBP/Maps/UEDPIE_0_TestMap.TestMap (0.044175s)
[2016.08.18-02.05.08:766][202]LogInit: XAudio2 using 'Speakers (Realtek High Definition Audio)' : 2 channels at 48 kHz using 32 bits per sample (channel mask 0x3)
[2016.08.18-02.05.08:786][202]LogInit: FAudioDevice initialized.
[2016.08.18-02.05.08:838][202]LogWorld: Game class is 'TestGameMode_C'
[2016.08.18-02.05.08:842][202]LogWorld: Bringing World /Game/TopDownBP/Maps/UEDPIE_0_TestMap.TestMap up for play (max tick rate 0) at 2016.08.18-14.05.08
[2016.08.18-02.05.08:843][202]LogWorld: Bringing up level for play took: 0.003797
[2016.08.18-02.05.08:846][202]PIE: Info Play in editor start time for /Game/TopDownBP/Maps/UEDPIE_0_TestMap -0.022
[2016.08.18-02.05.08:846][202]LogBlueprintUserMessages: Late PlayInEditor Detection: Level '/Game/TopDownBP/Maps/TestMap.TestMap:PersistentLevel' has LevelScriptBlueprint '/Game/TopDownBP/Maps/TestMap.TestMap:PersistentLevel.TestMap' with GeneratedClass '/Game/TopDownBP/Maps/TestMap.TestMap_C' with ClassGeneratedBy '/Game/TopDownBP/Maps/TestMap.TestMap:PersistentLevel.TestMap'
[2016.08.18-02.05.20:101][549]LogBlueprintUserMessages: Early EndPlayMap Detection: Level '/Game/TopDownBP/Maps/TestMap.TestMap:PersistentLevel' has LevelScriptBlueprint '/Game/TopDownBP/Maps/TestMap.TestMap:PersistentLevel.TestMap' with GeneratedClass '/Game/TopDownBP/Maps/TestMap.TestMap_C' with ClassGeneratedBy '/Game/TopDownBP/Maps/TestMap.TestMap:PersistentLevel.TestMap'
[2016.08.18-02.05.20:136][549]LogBlueprintUserMessages: Late EndPlayMap Detection: Level '/Game/TopDownBP/Maps/TestMap.TestMap:PersistentLevel' has LevelScriptBlueprint '/Game/TopDownBP/Maps/TestMap.TestMap:PersistentLevel.TestMap' with GeneratedClass '/Game/TopDownBP/Maps/TestMap.TestMap_C' with ClassGeneratedBy '/Game/TopDownBP/Maps/TestMap.TestMap:PersistentLevel.TestMap'
[2016.08.18-02.07.19:210][146]LogWindowsTextInputMethodSystem:Display: IME system now deactivated.
[2016.08.18-02.07.19:386][147]Cmd: QUIT_EDITOR
[2016.08.18-02.07.19:739][147]LogExit: Preparing to exit.
[2016.08.18-02.07.20:663][147]LogExit: Editor shut down
[2016.08.18-02.07.20:664][147]LogExit: Transaction tracking system shut down
[2016.08.18-02.07.20:799][147]LogObj: Freed 0b from 0 cluster array pools.
[2016.08.18-02.07.20:800][147]LogExit: Object subsystem successfully closed.
[2016.08.18-02.07.20:812][147]LogD3D11RHI: Shutdown
[2016.08.18-02.07.20:812][147]LogD3D11RHI: CleanupD3DDevice
[2016.08.18-02.07.20:914][147]LogD3D11RHI: ~FD3D11DynamicRHI
[2016.08.18-02.07.20:925][147]LogModuleManager: Shutting down and abandoning module StatsViewer (214)
[2016.08.18-02.07.20:925][147]LogModuleManager: Shutting down and abandoning module MovieSceneCapture (213)
[2016.08.18-02.07.20:925][147]LogModuleManager: Shutting down and abandoning module HierarchicalLODOutliner (212)
[2016.08.18-02.07.20:925][147]LogModuleManager: Shutting down and abandoning module CrashTracker (211)
[2016.08.18-02.07.20:925][147]LogModuleManager: Shutting down and abandoning module SceneOutliner (210)
[2016.08.18-02.07.20:925][147]LogModuleManager: Shutting down and abandoning module WidgetCarousel (209)
[2016.08.18-02.07.20:925][147]LogModuleManager: Shutting down and abandoning module AddContentDialog (208)
[2016.08.18-02.07.20:926][147]LogModuleManager: Shutting down and abandoning module GameplayTags (207)
[2016.08.18-02.07.20:926][147]LogModuleManager: Shutting down and abandoning module EditorWidgets (206)
[2016.08.18-02.07.20:926][147]LogModuleManager: Shutting down and abandoning module CollectionManager (205)
[2016.08.18-02.07.20:927][147]LogModuleManager: Shutting down and abandoning module FoliageEdit (204)
[2016.08.18-02.07.20:927][147]LogModuleManager: Shutting down and abandoning module LandscapeEditor (203)
[2016.08.18-02.07.20:927][147]LogModuleManager: Shutting down and abandoning module SceneDepthPickerMode (202)
[2016.08.18-02.07.20:927][147]LogModuleManager: Shutting down and abandoning module ActorPickerMode (201)
[2016.08.18-02.07.20:927][147]LogModuleManager: Shutting down and abandoning module GeometryMode (200)
[2016.08.18-02.07.20:927][147]LogModuleManager: Shutting down and abandoning module TextureAlignMode (199)
[2016.08.18-02.07.20:927][147]LogModuleManager: Shutting down and abandoning module BspMode (198)
[2016.08.18-02.07.20:927][147]LogModuleManager: Shutting down and abandoning module HardwareSurvey (197)
[2016.08.18-02.07.20:927][147]LogModuleManager: Shutting down and abandoning module SequenceRecorderSections (196)
[2016.08.18-02.07.20:927][147]LogModuleManager: Shutting down and abandoning module SequenceRecorder (195)
[2016.08.18-02.07.20:927][147]LogModuleManager: Shutting down and abandoning module AutomationWorker (194)
[2016.08.18-02.07.20:927][147]LogModuleManager: Shutting down and abandoning module MatineeToLevelSequence (193)
[2016.08.18-02.07.20:927][147]LogModuleManager: Shutting down and abandoning module PlacementMode (192)
[2016.08.18-02.07.20:927][147]LogModuleManager: Shutting down and abandoning module LevelSequenceEditor (191)
[2016.08.18-02.07.20:927][147]LogModuleManager: Shutting down and abandoning module CharacterAI (190)
[2016.08.18-02.07.20:927][147]LogModuleManager: Shutting down and abandoning module SmartSnapping (189)
[2016.08.18-02.07.20:927][147]LogModuleManager: Shutting down and abandoning module SessionServices (188)
[2016.08.18-02.07.20:927][147]LogModuleManager: Shutting down and abandoning module ViewportSnapping (187)
[2016.08.18-02.07.20:927][147]LogModuleManager: Shutting down and abandoning module LogVisualizer (186)
[2016.08.18-02.07.20:927][147]LogModuleManager: Shutting down and abandoning module GameProjectGeneration (185)
[2016.08.18-02.07.20:927][147]LogModuleManager: Shutting down and abandoning module IntroTutorials (184)
[2016.08.18-02.07.20:927][147]LogModuleManager: Shutting down and abandoning module EditorLiveStreaming (183)
[2016.08.18-02.07.20:928][147]LogModuleManager: Shutting down and abandoning module IOSPlatformEditor (182)
[2016.08.18-02.07.20:928][147]LogModuleManager: Shutting down and abandoning module HTML5PlatformEditor (181)
[2016.08.18-02.07.20:928][147]LogModuleManager: Shutting down and abandoning module AndroidDeviceDetection (180)
[2016.08.18-02.07.20:957][147]LogModuleManager: Shutting down and abandoning module AndroidPlatformEditor (179)
[2016.08.18-02.07.20:957][147]LogModuleManager: Shutting down and abandoning module IOSRuntimeSettings (178)
[2016.08.18-02.07.20:957][147]LogModuleManager: Shutting down and abandoning module AndroidRuntimeSettings (177)
[2016.08.18-02.07.20:957][147]LogModuleManager: Shutting down and abandoning module MergeActors (176)
[2016.08.18-02.07.20:957][147]LogModuleManager: Shutting down and abandoning module SizeMap (175)
[2016.08.18-02.07.20:957][147]LogModuleManager: Shutting down and abandoning module TreeMap (174)
[2016.08.18-02.07.20:957][147]LogModuleManager: Shutting down and abandoning module ReferenceViewer (173)
[2016.08.18-02.07.20:957][147]LogModuleManager: Shutting down and abandoning module LocalizationService (172)
[2016.08.18-02.07.20:957][147]LogModuleManager: Shutting down and abandoning module LocalizationDashboard (171)
[2016.08.18-02.07.20:957][147]LogModuleManager: Shutting down and abandoning module HardwareTargeting (170)
[2016.08.18-02.07.20:957][147]LogModuleManager: Shutting down and abandoning module DeviceProfileEditor (169)
[2016.08.18-02.07.20:957][147]LogModuleManager: Shutting down and abandoning module UndoHistory (168)
[2016.08.18-02.07.20:957][147]LogModuleManager: Shutting down and abandoning module UserFeedback (167)
[2016.08.18-02.07.20:957][147]LogModuleManager: Shutting down and abandoning module XmlParser (166)
[2016.08.18-02.07.20:957][147]LogModuleManager: Shutting down and abandoning module Blutility (165)
[2016.08.18-02.07.20:957][147]LogModuleManager: Shutting down and abandoning module ProjectTargetPlatformEditor (164)
[2016.08.18-02.07.20:957][147]LogModuleManager: Shutting down and abandoning module ProjectSettingsViewer (163)
[2016.08.18-02.07.20:957][147]LogModuleManager: Shutting down and abandoning module InputBindingEditor (162)
[2016.08.18-02.07.20:958][147]LogModuleManager: Shutting down and abandoning module EditorSettingsViewer (161)
[2016.08.18-02.07.20:958][147]LogModuleManager: Shutting down and abandoning module SettingsEditor (160)
[2016.08.18-02.07.20:958][147]LogModuleManager: Shutting down and abandoning module ProjectLauncher (159)
[2016.08.18-02.07.20:958][147]LogModuleManager: Shutting down and abandoning module SessionFrontend (158)
[2016.08.18-02.07.20:958][147]LogModuleManager: Shutting down and abandoning module ProfilerClient (157)
[2016.08.18-02.07.20:958][147]LogModuleManager: Shutting down and abandoning module TargetDeviceServices (156)
[2016.08.18-02.07.20:958][147]LogModuleManager: Shutting down and abandoning module DeviceManager (155)
[2016.08.18-02.07.21:001][147]LogModuleManager: Shutting down and abandoning module AutomationController (154)
[2016.08.18-02.07.21:001][147]LogModuleManager: Shutting down and abandoning module AutomationWindow (153)
[2016.08.18-02.07.21:001][147]LogModuleManager: Shutting down and abandoning module Layers (152)
[2016.08.18-02.07.21:001][147]LogModuleManager: Shutting down and abandoning module ComponentVisualizers (151)
[2016.08.18-02.07.21:001][147]LogModuleManager: Shutting down and abandoning module DetailCustomizations (150)
[2016.08.18-02.07.21:001][147]LogModuleManager: Shutting down and abandoning module PackagesDialog (149)
[2016.08.18-02.07.21:001][147]LogModuleManager: Shutting down and abandoning module Persona (148)
[2016.08.18-02.07.21:001][147]LogModuleManager: Shutting down and abandoning module Kismet (147)
[2016.08.18-02.07.21:001][147]LogModuleManager: Shutting down and abandoning module GraphEditor (146)
[2016.08.18-02.07.21:001][147]LogModuleManager: Shutting down and abandoning module ClassViewer (145)
[2016.08.18-02.07.21:001][147]LogModuleManager: Shutting down and abandoning module Toolbox (144)
[2016.08.18-02.07.21:001][147]LogModuleManager: Shutting down and abandoning module ModuleUI (143)
[2016.08.18-02.07.21:001][147]LogModuleManager: Shutting down and abandoning module MovieSceneTools (142)
[2016.08.18-02.07.21:001][147]LogModuleManager: Shutting down and abandoning module OutputLog (141)
[2016.08.18-02.07.21:001][147]LogModuleManager: Shutting down and abandoning module GammaUI (140)
[2016.08.18-02.07.21:001][147]LogModuleManager: Shutting down and abandoning module Documentation (139)
[2016.08.18-02.07.21:001][147]LogModuleManager: Shutting down and abandoning module StreamingPauseRendering (138)
[2016.08.18-02.07.21:001][147]LogModuleManager: Shutting down and abandoning module AnalyticsET (137)
[2016.08.18-02.07.21:001][147]LogModuleManager: Shutting down and abandoning module Analytics (136)
[2016.08.18-02.07.21:001][147]LogModuleManager: Shutting down and abandoning module PortalServices (135)
[2016.08.18-02.07.21:002][147]LogModuleManager: Shutting down and abandoning module PortalRpc (134)
[2016.08.18-02.07.21:002][147]LogModuleManager: Shutting down and abandoning module MessagingRpc (133)
[2016.08.18-02.07.21:002][147]LogModuleManager: Shutting down and abandoning module GameplayDebugger (132)
[2016.08.18-02.07.21:002][147]LogModuleManager: Shutting down and abandoning module AITestSuite (131)
[2016.08.18-02.07.21:002][147]LogModuleManager: Shutting down and abandoning module AIModule (130)
[2016.08.18-02.07.21:002][147]LogModuleManager: Shutting down and abandoning module ProfilerService (129)
[2016.08.18-02.07.21:064][147]LogModuleManager: Shutting down and abandoning module TaskGraph (128)
[2016.08.18-02.07.21:064][147]LogModuleManager: Shutting down and abandoning module SlateRemote (127)
[2016.08.18-02.07.21:064][147]LogModuleManager: Shutting down and abandoning module SteamVRController (126)
[2016.08.18-02.07.21:064][147]LogModuleManager: Shutting down and abandoning module SteamVR (125)
[2016.08.18-02.07.21:064][147]LogModuleManager: Shutting down and abandoning module ProceduralMeshComponent (124)
[2016.08.18-02.07.21:064][147]LogModuleManager: Shutting down and abandoning module OculusLibrary (123)
[2016.08.18-02.07.21:064][147]LogModuleManager: Shutting down and abandoning module OculusInput (122)
[2016.08.18-02.07.21:064][147]LogModuleManager: Shutting down and abandoning module CustomMeshComponent (121)
[2016.08.18-02.07.21:064][147]LogModuleManager: Shutting down and abandoning module CableComponent (120)
[2016.08.18-02.07.21:064][147]LogModuleManager: Shutting down and abandoning module ArchVisCharacter (119)
[2016.08.18-02.07.21:064][147]LogModuleManager: Shutting down and abandoning module MediaPlayerEditor (118)
[2016.08.18-02.07.21:064][147]LogModuleManager: Shutting down and abandoning module HTML5Networking (117)
[2016.08.18-02.07.21:064][147]LogModuleManager: Shutting down and abandoning module SuperSearch (116)
[2016.08.18-02.07.21:064][147]LogModuleManager: Shutting down and abandoning module SuperSearchEditor (115)
[2016.08.18-02.07.21:064][147]LogModuleManager: Shutting down and abandoning module SpeedTreeImporter (114)
[2016.08.18-02.07.21:064][147]LogModuleManager: Shutting down and abandoning module PluginBrowser (113)
[2016.08.18-02.07.21:064][147]LogModuleManager: Shutting down and abandoning module EpicSurvey (112)
[2016.08.18-02.07.21:064][147]LogModuleManager: Shutting down and abandoning module DesktopPlatform (111)
[2016.08.18-02.07.21:064][147]LogModuleManager: Shutting down and abandoning module VisualStudioSourceCodeAccess (110)
[2016.08.18-02.07.21:064][147]LogModuleManager: Shutting down and abandoning module UObjectPlugin (109)
[2016.08.18-02.07.21:064][147]LogModuleManager: Shutting down and abandoning module SubversionSourceControl (108)
[2016.08.18-02.07.21:064][147]LogModuleManager: Shutting down and abandoning module PerforceSourceControl (107)
[2016.08.18-02.07.21:064][147]LogModuleManager: Shutting down and abandoning module SourceControl (106)
[2016.08.18-02.07.21:064][147]LogModuleManager: Shutting down and abandoning module GitSourceControl (105)
[2016.08.18-02.07.21:064][147]LogModuleManager: Shutting down and abandoning module LightPropagationVolumeEditor (104)
[2016.08.18-02.07.21:064][147]LogModuleManager: Shutting down and abandoning module PaperTiledImporter (103)
[2016.08.18-02.07.21:065][147]LogModuleManager: Shutting down and abandoning module PaperSpriteSheetImporter (102)
[2016.08.18-02.07.21:065][147]LogModuleManager: Shutting down and abandoning module MeshPaint (101)
[2016.08.18-02.07.21:065][147]LogModuleManager: Shutting down and abandoning module PixelInspectorModule (100)
[2016.08.18-02.07.21:065][147]LogModuleManager: Shutting down and abandoning module HotReload (99)
[2016.08.18-02.07.21:065][147]LogModuleManager: Shutting down and abandoning module MainFrame (98)
[2016.08.18-02.07.21:065][147]LogModuleManager: Shutting down and abandoning module LevelEditor (97)
[2016.08.18-02.07.21:066][147]LogModuleManager: Shutting down and abandoning module ContentBrowser (96)
[2016.08.18-02.07.21:067][147]LogModuleManager: Shutting down and abandoning module Paper2DEditor (95)
[2016.08.18-02.07.21:067][147]LogModuleManager: Shutting down and abandoning module UdpMessaging (94)
[2016.08.18-02.07.21:167][147]LogModuleManager: Shutting down and abandoning module LightPropagationVolumeRuntime (93)
[2016.08.18-02.07.21:167][147]LogModuleManager: Shutting down and abandoning module Paper2D (92)
[2016.08.18-02.07.21:167][147]LogModuleManager: Shutting down and abandoning module WindowsMoviePlayer (91)
[2016.08.18-02.07.21:167][147]LogModuleManager: Shutting down and abandoning module Media (90)
[2016.08.18-02.07.21:167][147]LogModuleManager: Shutting down and abandoning module WmfMedia (89)
[2016.08.18-02.07.21:168][147]LogModuleManager: Shutting down and abandoning module MediaAssets (88)
[2016.08.18-02.07.21:168][147]LogModuleManager: Shutting down and abandoning module GameLiveStreaming (87)
[2016.08.18-02.07.21:168][147]LogModuleManager: Shutting down and abandoning module GameplayTagsEditor (86)
[2016.08.18-02.07.21:168][147]LogModuleManager: Shutting down and abandoning module OnlineBlueprintSupport (85)
[2016.08.18-02.07.21:168][147]LogModuleManager: Shutting down and abandoning module VREditor (84)
[2016.08.18-02.07.21:168][147]LogModuleManager: Shutting down and abandoning module GameplayTasksEditor (83)
[2016.08.18-02.07.21:168][147]LogModuleManager: Shutting down and abandoning module PropertyEditor (82)
[2016.08.18-02.07.21:168][147]LogModuleManager: Shutting down and abandoning module BehaviorTreeEditor (81)
[2016.08.18-02.07.21:168][147]LogModuleManager: Shutting down and abandoning module FunctionalTesting (80)
[2016.08.18-02.07.21:168][147]LogModuleManager: Shutting down and abandoning module CollisionAnalyzer (79)
[2016.08.18-02.07.21:168][147]LogModuleManager: Shutting down and abandoning module Sequencer (78)
[2016.08.18-02.07.21:168][147]LogModuleManager: Shutting down and abandoning module WorkspaceMenuStructure (77)
[2016.08.18-02.07.21:168][147]LogModuleManager: Shutting down and abandoning module MessageLog (76)
[2016.08.18-02.07.21:168][147]LogModuleManager: Shutting down and abandoning module AssetTools (75)
[2016.08.18-02.07.21:168][147]LogModuleManager: Shutting down and abandoning module UMGEditor (74)
[2016.08.18-02.07.21:168][147]LogModuleManager: Shutting down and abandoning module UMG (73)
[2016.08.18-02.07.21:168][147]LogModuleManager: Shutting down and abandoning module SlateReflector (72)
[2016.08.18-02.07.21:168][147]LogModuleManager: Shutting down and abandoning module Slate (71)
[2016.08.18-02.07.21:168][147]LogModuleManager: Shutting down and abandoning module EditorStyle (70)
[2016.08.18-02.07.21:170][147]LogModuleManager: Shutting down and abandoning module SourceCodeAccess (69)
[2016.08.18-02.07.21:170][147]LogModuleManager: Shutting down and abandoning module HeadMountedDisplay (68)
[2016.08.18-02.07.21:170][147]LogModuleManager: Shutting down and abandoning module XAudio2 (67)
[2016.08.18-02.07.21:170][147]LogModuleManager: Shutting down and abandoning module Networking (65)
[2016.08.18-02.07.21:170][147]LogModuleManager: Shutting down and abandoning module Core (64)
[2016.08.18-02.07.21:170][147]LogModuleManager: Shutting down and abandoning module DirectoryWatcher (63)
[2016.08.18-02.07.21:171][147]LogModuleManager: Shutting down and abandoning module AssetRegistry (62)
[2016.08.18-02.07.21:337][147]LogModuleManager: Shutting down and abandoning module KismetCompiler (61)
[2016.08.18-02.07.21:337][147]LogModuleManager: Shutting down and abandoning module PhysXFormats (60)
[2016.08.18-02.07.21:337][147]LogModuleManager: Shutting down and abandoning module MeshUtilities (59)
[2016.08.18-02.07.21:337][147]LogModuleManager: Shutting down and abandoning module DerivedDataCache (58)
[2016.08.18-02.07.21:399][147]LogDerivedDataCache: Shutdown
[2016.08.18-02.07.21:399][147]LogModuleManager: Shutting down and abandoning module VulkanShaderFormat (57)
[2016.08.18-02.07.21:399][147]LogModuleManager: Shutting down and abandoning module ShaderFormatOpenGL (56)
[2016.08.18-02.07.21:399][147]LogModuleManager: Shutting down and abandoning module ShaderFormatD3D (55)
[2016.08.18-02.07.21:399][147]LogModuleManager: Shutting down and abandoning module MetalShaderFormat (54)
[2016.08.18-02.07.21:399][147]LogModuleManager: Shutting down and abandoning module TextureFormatUncompressed (53)
[2016.08.18-02.07.21:399][147]LogModuleManager: Shutting down and abandoning module TextureFormatPVR (52)
[2016.08.18-02.07.21:399][147]LogModuleManager: Shutting down and abandoning module TextureFormatIntelISPCTexComp (51)
[2016.08.18-02.07.21:399][147]LogModuleManager: Shutting down and abandoning module TextureFormatDXT (50)
[2016.08.18-02.07.21:399][147]LogModuleManager: Shutting down and abandoning module ImageWrapper (49)
[2016.08.18-02.07.21:399][147]LogModuleManager: Shutting down and abandoning module TextureFormatASTC (48)
[2016.08.18-02.07.21:399][147]LogModuleManager: Shutting down and abandoning module TextureFormatAndroid (47)
[2016.08.18-02.07.21:399][147]LogModuleManager: Shutting down and abandoning module AudioFormatOpus (46)
[2016.08.18-02.07.21:399][147]LogModuleManager: Shutting down and abandoning module AudioFormatOgg (45)
[2016.08.18-02.07.21:399][147]LogModuleManager: Shutting down and abandoning module AudioFormatADPCM (44)
[2016.08.18-02.07.21:399][147]LogModuleManager: Shutting down and abandoning module LinuxTargetPlatform (43)
[2016.08.18-02.07.21:399][147]LogModuleManager: Shutting down and abandoning module LinuxServerTargetPlatform (42)
[2016.08.18-02.07.21:399][147]LogModuleManager: Shutting down and abandoning module LinuxNoEditorTargetPlatform (41)
[2016.08.18-02.07.21:399][147]LogModuleManager: Shutting down and abandoning module TVOSTargetPlatform (40)
[2016.08.18-02.07.21:399][147]LogModuleManager: Shutting down and abandoning module Messaging (39)
[2016.08.18-02.07.21:399][147]LogModuleManager: Shutting down and abandoning module IOSTargetPlatform (38)
[2016.08.18-02.07.21:400][147]LogModuleManager: Shutting down and abandoning module HTML5TargetPlatform (37)
[2016.08.18-02.07.21:400][147]LogModuleManager: Shutting down and abandoning module Android_PVRTCTargetPlatform (36)
[2016.08.18-02.07.21:400][147]LogModuleManager: Shutting down and abandoning module Android_MultiTargetPlatform (35)
[2016.08.18-02.07.21:400][147]LogModuleManager: Shutting down and abandoning module Android_ETC2TargetPlatform (34)
[2016.08.18-02.07.21:400][147]LogModuleManager: Shutting down and abandoning module Android_ETC1TargetPlatform (33)
[2016.08.18-02.07.21:400][147]LogModuleManager: Shutting down and abandoning module Android_DXTTargetPlatform (32)
[2016.08.18-02.07.21:400][147]LogModuleManager: Shutting down and abandoning module Android_ATCTargetPlatform (31)
[2016.08.18-02.07.21:400][147]LogModuleManager: Shutting down and abandoning module Android_ASTCTargetPlatform (30)
[2016.08.18-02.07.21:400][147]LogModuleManager: Shutting down and abandoning module AndroidTargetPlatform (29)
[2016.08.18-02.07.21:400][147]LogModuleManager: Shutting down and abandoning module WindowsTargetPlatform (28)
[2016.08.18-02.07.21:400][147]LogModuleManager: Shutting down and abandoning module WindowsServerTargetPlatform (27)
[2016.08.18-02.07.21:400][147]LogModuleManager: Shutting down and abandoning module WindowsNoEditorTargetPlatform (26)
[2016.08.18-02.07.21:400][147]LogModuleManager: Shutting down and abandoning module WindowsClientTargetPlatform (25)
[2016.08.18-02.07.21:400][147]LogModuleManager: Shutting down and abandoning module AllDesktopTargetPlatform (24)
[2016.08.18-02.07.21:400][147]LogModuleManager: Shutting down and abandoning module TargetPlatform (23)
[2016.08.18-02.07.21:400][147]LogModuleManager: Shutting down and abandoning module InputCore (22)
[2016.08.18-02.07.21:400][147]LogModuleManager: Shutting down and abandoning module Settings (21)
[2016.08.18-02.07.21:400][147]LogModuleManager: Shutting down and abandoning module OnlineSubsystem (19)
[2016.08.18-02.07.21:400][147]LogModuleManager: Shutting down and abandoning module HTTP (18)
[2016.08.18-02.07.24:406][147]LogModuleManager: Shutting down and abandoning module XMPP (17)
[2016.08.18-02.07.24:406][147]LogModuleManager: Shutting down and abandoning module OculusRift (16)
[2016.08.18-02.07.24:406][147]LogModuleManager: Shutting down and abandoning module ExampleDeviceProfileSelector (15)
[2016.08.18-02.07.24:406][147]LogModuleManager: Shutting down and abandoning module TextureCompressor (14)
[2016.08.18-02.07.24:406][147]LogModuleManager: Shutting down and abandoning module ShaderCore (13)
[2016.08.18-02.07.24:406][147]LogModuleManager: Shutting down and abandoning module Landscape (12)
[2016.08.18-02.07.24:406][147]LogModuleManager: Shutting down and abandoning module SlateRHIRenderer (11)
[2016.08.18-02.07.24:410][147]LogModuleManager: Shutting down and abandoning module OpenGLDrv (10)
[2016.08.18-02.07.24:410][147]LogModuleManager: Shutting down and abandoning module D3D11RHI (9)
[2016.08.18-02.07.24:410][147]LogModuleManager: Shutting down and abandoning module AnimGraphRuntime (8)
[2016.08.18-02.07.24:410][147]LogModuleManager: Shutting down and abandoning module Renderer (7)
[2016.08.18-02.07.24:410][147]LogModuleManager: Shutting down and abandoning module Engine (6)
[2016.08.18-02.07.24:410][147]LogModuleManager: Shutting down and abandoning module CoreUObject (5)
[2016.08.18-02.07.24:410][147]LogModuleManager: Shutting down and abandoning module NetworkFile (4)
[2016.08.18-02.07.24:410][147]LogModuleManager: Shutting down and abandoning module StreamingFile (3)
[2016.08.18-02.07.24:410][147]LogModuleManager: Shutting down and abandoning module SandboxFile (2)
[2016.08.18-02.07.24:410][147]LogModuleManager: Shutting down and abandoning module PakFile (1)
[2016.08.18-02.07.24:414][147]LogExit: Exiting.
[2016.08.18-02.07.24:417][147]Log file closed, 08/18/16 14:07:24
